2026-03-25 21:26:21,941  INFO      ============================================================
2026-03-25 21:26:21,941  INFO      Starting import: premier-league / 2022-2023  (245 file(s))
2026-03-25 21:26:21,941  INFO      ============================================================
2026-03-25 21:26:21,942  INFO      Loaded 34 competitions, 231 teams into cache
2026-03-25 21:26:21,942  INFO      Resolved competition: 'Premier League' (id=1) from code 'premier-league'
2026-03-25 21:26:21,942  DEBUG     Processing: C:\repos\football-vault\matches\premier-league\2022-2023\20230101-nottingham-forest-vs-chelsea.json
2026-03-25 21:26:21,945  INFO      CREATED match: id=1375  2023-01-01  Nottingham Forest vs Chelsea  (Premier League)
2026-03-25 21:26:21,945  DEBUG     Processing: C:\repos\football-vault\matches\premier-league\2022-2023\20230101-tottenham-hotspur-vs-aston-villa.json
2026-03-25 21:26:21,945  INFO      CREATED match: id=1376  2023-01-01  Tottenham Hotspur vs Aston Villa  (Premier League)
2026-03-25 21:26:21,945  DEBUG     Processing: C:\repos\football-vault\matches\premier-league\2022-2023\20230102-brentford-vs-liverpool.json
2026-03-25 21:26:21,945  INFO      CREATED match: id=1377  2023-01-02  Brentford vs Liverpool  (Premier League)
2026-03-25 21:26:21,945  DEBUG     Processing: C:\repos\football-vault\matches\premier-league\2022-2023\20230103-arsenal-vs-newcastle-united.json
2026-03-25 21:26:21,946  INFO      CREATED match: id=1378  2023-01-03  Arsenal vs Newcastle United  (Premier League)
2026-03-25 21:26:21,946  DEBUG     Processing: C:\repos\football-vault\matches\premier-league\2022-2023\20230103-everton-vs-brighton-and-hove-albion.json
2026-03-25 21:26:21,946  INFO      CREATED match: id=1379  2023-01-03  Everton vs Brighton & Hove Albion  (Premier League)
2026-03-25 21:26:21,947  DEBUG     Processing: C:\repos\football-vault\matches\premier-league\2022-2023\20230103-leicester-city-vs-fulham.json
2026-03-25 21:26:21,947  INFO      CREATED match: id=1380  2023-01-03  Leicester City vs Fulham  (Premier League)
2026-03-25 21:26:21,947  DEBUG     Processing: C:\repos\football-vault\matches\premier-league\2022-2023\20230103-manchester-united-vs-afc-bournemouth.json
2026-03-25 21:26:21,947  INFO      CREATED match: id=1381  2023-01-03  Manchester United vs AFC Bournemouth  (Premier League)
2026-03-25 21:26:21,947  DEBUG     Processing: C:\repos\football-vault\matches\premier-league\2022-2023\20230104-aston-villa-vs-wolverhampton-wanderers.json
2026-03-25 21:26:21,947  INFO      CREATED match: id=1382  2023-01-04  Aston Villa vs Wolverhampton Wanderers  (Premier League)
2026-03-25 21:26:21,948  DEBUG     Processing: C:\repos\football-vault\matches\premier-league\2022-2023\20230104-crystal-palace-vs-tottenham-hotspur.json
2026-03-25 21:26:21,948  INFO      CREATED match: id=1383  2023-01-04  Crystal Palace vs Tottenham Hotspur  (Premier League)
2026-03-25 21:26:21,948  DEBUG     Processing: C:\repos\football-vault\matches\premier-league\2022-2023\20230104-leeds-united-vs-west-ham-united.json
2026-03-25 21:26:21,948  INFO      CREATED match: id=1384  2023-01-04  Leeds United vs West Ham United  (Premier League)
2026-03-25 21:26:21,948  DEBUG     Processing: C:\repos\football-vault\matches\premier-league\2022-2023\20230104-southampton-vs-nottingham-forest.json
2026-03-25 21:26:21,949  INFO      CREATED match: id=1385  2023-01-04  Southampton vs Nottingham Forest  (Premier League)
2026-03-25 21:26:21,949  DEBUG     Processing: C:\repos\football-vault\matches\premier-league\2022-2023\20230105-chelsea-vs-manchester-city.json
2026-03-25 21:26:21,949  INFO      CREATED match: id=1386  2023-01-05  Chelsea vs Manchester City  (Premier League)
2026-03-25 21:26:21,949  DEBUG     Processing: C:\repos\football-vault\matches\premier-league\2022-2023\20230112-fulham-vs-chelsea.json
2026-03-25 21:26:21,949  INFO      CREATED match: id=1387  2023-01-12  Fulham vs Chelsea  (Premier League)
2026-03-25 21:26:21,950  DEBUG     Processing: C:\repos\football-vault\matches\premier-league\2022-2023\20230113-aston-villa-vs-leeds-united.json
2026-03-25 21:26:21,950  INFO      CREATED match: id=1388  2023-01-13  Aston Villa vs Leeds United  (Premier League)
2026-03-25 21:26:21,950  DEBUG     Processing: C:\repos\football-vault\matches\premier-league\2022-2023\20230114-brentford-vs-afc-bournemouth.json
2026-03-25 21:26:21,950  INFO      CREATED match: id=1389  2023-01-14  Brentford vs AFC Bournemouth  (Premier League)
2026-03-25 21:26:21,950  DEBUG     Processing: C:\repos\football-vault\matches\premier-league\2022-2023\20230114-brighton-and-hove-albion-vs-liverpool.json
2026-03-25 21:26:21,951  INFO      CREATED match: id=1390  2023-01-14  Brighton & Hove Albion vs Liverpool  (Premier League)
2026-03-25 21:26:21,951  DEBUG     Processing: C:\repos\football-vault\matches\premier-league\2022-2023\20230114-everton-vs-southampton.json
2026-03-25 21:26:21,951  INFO      CREATED match: id=1391  2023-01-14  Everton vs Southampton  (Premier League)
2026-03-25 21:26:21,951  DEBUG     Processing: C:\repos\football-vault\matches\premier-league\2022-2023\20230114-manchester-united-vs-manchester-city.json
2026-03-25 21:26:21,951  INFO      CREATED match: id=1392  2023-01-14  Manchester United vs Manchester City  (Premier League)
2026-03-25 21:26:21,951  DEBUG     Processing: C:\repos\football-vault\matches\premier-league\2022-2023\20230114-nottingham-forest-vs-leicester-city.json
2026-03-25 21:26:21,951  INFO      CREATED match: id=1393  2023-01-14  Nottingham Forest vs Leicester City  (Premier League)
2026-03-25 21:26:21,951  DEBUG     Processing: C:\repos\football-vault\matches\premier-league\2022-2023\20230114-wolverhampton-wanderers-vs-west-ham-united.json
2026-03-25 21:26:21,952  INFO      CREATED match: id=1394  2023-01-14  Wolverhampton Wanderers vs West Ham United  (Premier League)
2026-03-25 21:26:21,952  DEBUG     Processing: C:\repos\football-vault\matches\premier-league\2022-2023\20230115-chelsea-vs-crystal-palace.json
2026-03-25 21:26:21,952  INFO      CREATED match: id=1395  2023-01-15  Chelsea vs Crystal Palace  (Premier League)
2026-03-25 21:26:21,952  DEBUG     Processing: C:\repos\football-vault\matches\premier-league\2022-2023\20230115-newcastle-united-vs-fulham.json
2026-03-25 21:26:21,952  INFO      CREATED match: id=1396  2023-01-15  Newcastle United vs Fulham  (Premier League)
2026-03-25 21:26:21,952  DEBUG     Processing: C:\repos\football-vault\matches\premier-league\2022-2023\20230115-tottenham-hotspur-vs-arsenal.json
2026-03-25 21:26:21,953  INFO      CREATED match: id=1397  2023-01-15  Tottenham Hotspur vs Arsenal  (Premier League)
2026-03-25 21:26:21,953  DEBUG     Processing: C:\repos\football-vault\matches\premier-league\2022-2023\20230118-crystal-palace-vs-manchester-united.json
2026-03-25 21:26:21,953  INFO      CREATED match: id=1398  2023-01-18  Crystal Palace vs Manchester United  (Premier League)
2026-03-25 21:26:21,953  DEBUG     Processing: C:\repos\football-vault\matches\premier-league\2022-2023\20230119-manchester-city-vs-tottenham-hotspur.json
2026-03-25 21:26:21,953  INFO      CREATED match: id=1399  2023-01-19  Manchester City vs Tottenham Hotspur  (Premier League)
2026-03-25 21:26:21,954  DEBUG     Processing: C:\repos\football-vault\matches\premier-league\2022-2023\20230121-afc-bournemouth-vs-nottingham-forest.json
2026-03-25 21:26:21,954  INFO      CREATED match: id=1400  2023-01-21  AFC Bournemouth vs Nottingham Forest  (Premier League)
2026-03-25 21:26:21,954  DEBUG     Processing: C:\repos\football-vault\matches\premier-league\2022-2023\20230121-crystal-palace-vs-newcastle-united.json
2026-03-25 21:26:21,954  INFO      CREATED match: id=1401  2023-01-21  Crystal Palace vs Newcastle United  (Premier League)
2026-03-25 21:26:21,954  DEBUG     Processing: C:\repos\football-vault\matches\premier-league\2022-2023\20230121-leicester-city-vs-brighton-and-hove-albion.json
2026-03-25 21:26:21,954  INFO      CREATED match: id=1402  2023-01-21  Leicester City vs Brighton & Hove Albion  (Premier League)
2026-03-25 21:26:21,954  DEBUG     Processing: C:\repos\football-vault\matches\premier-league\2022-2023\20230121-liverpool-vs-chelsea.json
2026-03-25 21:26:21,955  INFO      CREATED match: id=1403  2023-01-21  Liverpool vs Chelsea  (Premier League)
2026-03-25 21:26:21,955  DEBUG     Processing: C:\repos\football-vault\matches\premier-league\2022-2023\20230121-southampton-vs-aston-villa.json
2026-03-25 21:26:21,955  INFO      CREATED match: id=1404  2023-01-21  Southampton vs Aston Villa  (Premier League)
2026-03-25 21:26:21,955  DEBUG     Processing: C:\repos\football-vault\matches\premier-league\2022-2023\20230121-west-ham-united-vs-everton.json
2026-03-25 21:26:21,955  INFO      CREATED match: id=1405  2023-01-21  West Ham United vs Everton  (Premier League)
2026-03-25 21:26:21,955  DEBUG     Processing: C:\repos\football-vault\matches\premier-league\2022-2023\20230122-arsenal-vs-manchester-united.json
2026-03-25 21:26:21,955  INFO      CREATED match: id=1406  2023-01-22  Arsenal vs Manchester United  (Premier League)
2026-03-25 21:26:21,956  DEBUG     Processing: C:\repos\football-vault\matches\premier-league\2022-2023\20230122-leeds-united-vs-brentford.json
2026-03-25 21:26:21,956  INFO      CREATED match: id=1407  2023-01-22  Leeds United vs Brentford  (Premier League)
2026-03-25 21:26:21,956  DEBUG     Processing: C:\repos\football-vault\matches\premier-league\2022-2023\20230122-manchester-city-vs-wolverhampton-wanderers.json
2026-03-25 21:26:21,956  INFO      CREATED match: id=1408  2023-01-22  Manchester City vs Wolverhampton Wanderers  (Premier League)
2026-03-25 21:26:21,956  DEBUG     Processing: C:\repos\football-vault\matches\premier-league\2022-2023\20230123-fulham-vs-tottenham-hotspur.json
2026-03-25 21:26:21,957  INFO      CREATED match: id=1409  2023-01-23  Fulham vs Tottenham Hotspur  (Premier League)
2026-03-25 21:26:21,957  DEBUG     Processing: C:\repos\football-vault\matches\premier-league\2022-2023\20230203-chelsea-vs-fulham.json
2026-03-25 21:26:21,957  INFO      CREATED match: id=1410  2023-02-03  Chelsea vs Fulham  (Premier League)
2026-03-25 21:26:21,957  DEBUG     Processing: C:\repos\football-vault\matches\premier-league\2022-2023\20230204-aston-villa-vs-leicester-city.json
2026-03-25 21:26:21,957  INFO      CREATED match: id=1411  2023-02-04  Aston Villa vs Leicester City  (Premier League)
2026-03-25 21:26:21,957  DEBUG     Processing: C:\repos\football-vault\matches\premier-league\2022-2023\20230204-brentford-vs-southampton.json
2026-03-25 21:26:21,958  INFO      CREATED match: id=1412  2023-02-04  Brentford vs Southampton  (Premier League)
2026-03-25 21:26:21,958  DEBUG     Processing: C:\repos\football-vault\matches\premier-league\2022-2023\20230204-brighton-and-hove-albion-vs-afc-bournemouth.json
2026-03-25 21:26:21,958  INFO      CREATED match: id=1413  2023-02-04  Brighton & Hove Albion vs AFC Bournemouth  (Premier League)
2026-03-25 21:26:21,958  DEBUG     Processing: C:\repos\football-vault\matches\premier-league\2022-2023\20230204-everton-vs-arsenal.json
2026-03-25 21:26:21,958  INFO      CREATED match: id=1414  2023-02-04  Everton vs Arsenal  (Premier League)
2026-03-25 21:26:21,958  DEBUG     Processing: C:\repos\football-vault\matches\premier-league\2022-2023\20230204-manchester-united-vs-crystal-palace.json
2026-03-25 21:26:21,958  INFO      CREATED match: id=1415  2023-02-04  Manchester United vs Crystal Palace  (Premier League)
2026-03-25 21:26:21,959  DEBUG     Processing: C:\repos\football-vault\matches\premier-league\2022-2023\20230204-newcastle-united-vs-west-ham-united.json
2026-03-25 21:26:21,959  INFO      CREATED match: id=1416  2023-02-04  Newcastle United vs West Ham United  (Premier League)
2026-03-25 21:26:21,959  DEBUG     Processing: C:\repos\football-vault\matches\premier-league\2022-2023\20230204-wolverhampton-wanderers-vs-liverpool.json
2026-03-25 21:26:21,959  INFO      CREATED match: id=1417  2023-02-04  Wolverhampton Wanderers vs Liverpool  (Premier League)
2026-03-25 21:26:21,959  DEBUG     Processing: C:\repos\football-vault\matches\premier-league\2022-2023\20230205-nottingham-forest-vs-leeds-united.json
2026-03-25 21:26:21,959  INFO      CREATED match: id=1418  2023-02-05  Nottingham Forest vs Leeds United  (Premier League)
2026-03-25 21:26:21,959  DEBUG     Processing: C:\repos\football-vault\matches\premier-league\2022-2023\20230205-tottenham-hotspur-vs-manchester-city.json
2026-03-25 21:26:21,959  INFO      CREATED match: id=1419  2023-02-05  Tottenham Hotspur vs Manchester City  (Premier League)
2026-03-25 21:26:21,959  DEBUG     Processing: C:\repos\football-vault\matches\premier-league\2022-2023\20230208-manchester-united-vs-leeds-united.json
2026-03-25 21:26:21,960  INFO      CREATED match: id=1420  2023-02-08  Manchester United vs Leeds United  (Premier League)
2026-03-25 21:26:21,960  DEBUG     Processing: C:\repos\football-vault\matches\premier-league\2022-2023\20230211-afc-bournemouth-vs-newcastle-united.json
2026-03-25 21:26:21,960  INFO      CREATED match: id=1421  2023-02-11  AFC Bournemouth vs Newcastle United  (Premier League)
2026-03-25 21:26:21,960  DEBUG     Processing: C:\repos\football-vault\matches\premier-league\2022-2023\20230211-arsenal-vs-brentford.json
2026-03-25 21:26:21,960  INFO      CREATED match: id=1422  2023-02-11  Arsenal vs Brentford  (Premier League)
2026-03-25 21:26:21,960  DEBUG     Processing: C:\repos\football-vault\matches\premier-league\2022-2023\20230211-crystal-palace-vs-brighton-and-hove-albion.json
2026-03-25 21:26:21,960  INFO      CREATED match: id=1423  2023-02-11  Crystal Palace vs Brighton & Hove Albion  (Premier League)
2026-03-25 21:26:21,961  DEBUG     Processing: C:\repos\football-vault\matches\premier-league\2022-2023\20230211-fulham-vs-nottingham-forest.json
2026-03-25 21:26:21,961  INFO      CREATED match: id=1424  2023-02-11  Fulham vs Nottingham Forest  (Premier League)
2026-03-25 21:26:21,961  DEBUG     Processing: C:\repos\football-vault\matches\premier-league\2022-2023\20230211-leicester-city-vs-tottenham-hotspur.json
2026-03-25 21:26:21,961  INFO      CREATED match: id=1425  2023-02-11  Leicester City vs Tottenham Hotspur  (Premier League)
2026-03-25 21:26:21,961  DEBUG     Processing: C:\repos\football-vault\matches\premier-league\2022-2023\20230211-southampton-vs-wolverhampton-wanderers.json
2026-03-25 21:26:21,962  INFO      CREATED match: id=1426  2023-02-11  Southampton vs Wolverhampton Wanderers  (Premier League)
2026-03-25 21:26:21,962  DEBUG     Processing: C:\repos\football-vault\matches\premier-league\2022-2023\20230211-west-ham-united-vs-chelsea.json
2026-03-25 21:26:21,962  INFO      CREATED match: id=1427  2023-02-11  West Ham United vs Chelsea  (Premier League)
2026-03-25 21:26:21,962  DEBUG     Processing: C:\repos\football-vault\matches\premier-league\2022-2023\20230212-leeds-united-vs-manchester-united.json
2026-03-25 21:26:21,962  INFO      CREATED match: id=1428  2023-02-12  Leeds United vs Manchester United  (Premier League)
2026-03-25 21:26:21,962  DEBUG     Processing: C:\repos\football-vault\matches\premier-league\2022-2023\20230212-manchester-city-vs-aston-villa.json
2026-03-25 21:26:21,963  INFO      CREATED match: id=1429  2023-02-12  Manchester City vs Aston Villa  (Premier League)
2026-03-25 21:26:21,963  DEBUG     Processing: C:\repos\football-vault\matches\premier-league\2022-2023\20230213-liverpool-vs-everton.json
2026-03-25 21:26:21,963  INFO      CREATED match: id=1430  2023-02-13  Liverpool vs Everton  (Premier League)
2026-03-25 21:26:21,963  DEBUG     Processing: C:\repos\football-vault\matches\premier-league\2022-2023\20230215-arsenal-vs-manchester-city.json
2026-03-25 21:26:21,963  INFO      CREATED match: id=1431  2023-02-15  Arsenal vs Manchester City  (Premier League)
2026-03-25 21:26:21,963  DEBUG     Processing: C:\repos\football-vault\matches\premier-league\2022-2023\20230218-aston-villa-vs-arsenal.json
2026-03-25 21:26:21,964  INFO      CREATED match: id=1432  2023-02-18  Aston Villa vs Arsenal  (Premier League)
2026-03-25 21:26:21,964  DEBUG     Processing: C:\repos\football-vault\matches\premier-league\2022-2023\20230218-brentford-vs-crystal-palace.json
2026-03-25 21:26:21,964  INFO      CREATED match: id=1433  2023-02-18  Brentford vs Crystal Palace  (Premier League)
2026-03-25 21:26:21,964  DEBUG     Processing: C:\repos\football-vault\matches\premier-league\2022-2023\20230218-brighton-and-hove-albion-vs-fulham.json
2026-03-25 21:26:21,964  INFO      CREATED match: id=1434  2023-02-18  Brighton & Hove Albion vs Fulham  (Premier League)
2026-03-25 21:26:21,964  DEBUG     Processing: C:\repos\football-vault\matches\premier-league\2022-2023\20230218-chelsea-vs-southampton.json
2026-03-25 21:26:21,965  INFO      CREATED match: id=1435  2023-02-18  Chelsea vs Southampton  (Premier League)
2026-03-25 21:26:21,965  DEBUG     Processing: C:\repos\football-vault\matches\premier-league\2022-2023\20230218-everton-vs-leeds-united.json
2026-03-25 21:26:21,965  INFO      CREATED match: id=1436  2023-02-18  Everton vs Leeds United  (Premier League)
2026-03-25 21:26:21,965  DEBUG     Processing: C:\repos\football-vault\matches\premier-league\2022-2023\20230218-newcastle-united-vs-liverpool.json
2026-03-25 21:26:21,965  INFO      CREATED match: id=1437  2023-02-18  Newcastle United vs Liverpool  (Premier League)
2026-03-25 21:26:21,965  DEBUG     Processing: C:\repos\football-vault\matches\premier-league\2022-2023\20230218-nottingham-forest-vs-manchester-city.json
2026-03-25 21:26:21,966  INFO      CREATED match: id=1438  2023-02-18  Nottingham Forest vs Manchester City  (Premier League)
2026-03-25 21:26:21,966  DEBUG     Processing: C:\repos\football-vault\matches\premier-league\2022-2023\20230218-wolverhampton-wanderers-vs-afc-bournemouth.json
2026-03-25 21:26:21,966  INFO      CREATED match: id=1439  2023-02-18  Wolverhampton Wanderers vs AFC Bournemouth  (Premier League)
2026-03-25 21:26:21,966  DEBUG     Processing: C:\repos\football-vault\matches\premier-league\2022-2023\20230219-manchester-united-vs-leicester-city.json
2026-03-25 21:26:21,966  INFO      CREATED match: id=1440  2023-02-19  Manchester United vs Leicester City  (Premier League)
2026-03-25 21:26:21,966  DEBUG     Processing: C:\repos\football-vault\matches\premier-league\2022-2023\20230219-tottenham-hotspur-vs-west-ham-united.json
2026-03-25 21:26:21,967  INFO      CREATED match: id=1441  2023-02-19  Tottenham Hotspur vs West Ham United  (Premier League)
2026-03-25 21:26:21,967  DEBUG     Processing: C:\repos\football-vault\matches\premier-league\2022-2023\20230224-fulham-vs-wolverhampton-wanderers.json
2026-03-25 21:26:21,967  INFO      CREATED match: id=1442  2023-02-24  Fulham vs Wolverhampton Wanderers  (Premier League)
2026-03-25 21:26:21,967  DEBUG     Processing: C:\repos\football-vault\matches\premier-league\2022-2023\20230225-afc-bournemouth-vs-manchester-city.json
2026-03-25 21:26:21,967  INFO      CREATED match: id=1443  2023-02-25  AFC Bournemouth vs Manchester City  (Premier League)
2026-03-25 21:26:21,967  DEBUG     Processing: C:\repos\football-vault\matches\premier-league\2022-2023\20230225-crystal-palace-vs-liverpool.json
2026-03-25 21:26:21,968  INFO      CREATED match: id=1444  2023-02-25  Crystal Palace vs Liverpool  (Premier League)
2026-03-25 21:26:21,968  DEBUG     Processing: C:\repos\football-vault\matches\premier-league\2022-2023\20230225-everton-vs-aston-villa.json
2026-03-25 21:26:21,968  INFO      CREATED match: id=1445  2023-02-25  Everton vs Aston Villa  (Premier League)
2026-03-25 21:26:21,968  DEBUG     Processing: C:\repos\football-vault\matches\premier-league\2022-2023\20230225-leeds-united-vs-southampton.json
2026-03-25 21:26:21,968  INFO      CREATED match: id=1446  2023-02-25  Leeds United vs Southampton  (Premier League)
2026-03-25 21:26:21,968  DEBUG     Processing: C:\repos\football-vault\matches\premier-league\2022-2023\20230225-leicester-city-vs-arsenal.json
2026-03-25 21:26:21,969  INFO      CREATED match: id=1447  2023-02-25  Leicester City vs Arsenal  (Premier League)
2026-03-25 21:26:21,969  DEBUG     Processing: C:\repos\football-vault\matches\premier-league\2022-2023\20230225-west-ham-united-vs-nottingham-forest.json
2026-03-25 21:26:21,969  INFO      CREATED match: id=1448  2023-02-25  West Ham United vs Nottingham Forest  (Premier League)
2026-03-25 21:26:21,969  DEBUG     Processing: C:\repos\football-vault\matches\premier-league\2022-2023\20230226-tottenham-hotspur-vs-chelsea.json
2026-03-25 21:26:21,969  INFO      CREATED match: id=1449  2023-02-26  Tottenham Hotspur vs Chelsea  (Premier League)
2026-03-25 21:26:21,969  DEBUG     Processing: C:\repos\football-vault\matches\premier-league\2022-2023\20230301-arsenal-vs-everton.json
2026-03-25 21:26:21,969  INFO      CREATED match: id=1450  2023-03-01  Arsenal vs Everton  (Premier League)
2026-03-25 21:26:21,970  DEBUG     Processing: C:\repos\football-vault\matches\premier-league\2022-2023\20230301-liverpool-vs-wolverhampton-wanderers.json
2026-03-25 21:26:21,970  INFO      CREATED match: id=1451  2023-03-01  Liverpool vs Wolverhampton Wanderers  (Premier League)
2026-03-25 21:26:21,970  DEBUG     Processing: C:\repos\football-vault\matches\premier-league\2022-2023\20230304-arsenal-vs-afc-bournemouth.json
2026-03-25 21:26:21,970  INFO      CREATED match: id=1452  2023-03-04  Arsenal vs AFC Bournemouth  (Premier League)
2026-03-25 21:26:21,970  DEBUG     Processing: C:\repos\football-vault\matches\premier-league\2022-2023\20230304-aston-villa-vs-crystal-palace.json
2026-03-25 21:26:21,970  INFO      CREATED match: id=1453  2023-03-04  Aston Villa vs Crystal Palace  (Premier League)
2026-03-25 21:26:21,970  DEBUG     Processing: C:\repos\football-vault\matches\premier-league\2022-2023\20230304-brighton-and-hove-albion-vs-west-ham-united.json
2026-03-25 21:26:21,971  INFO      CREATED match: id=1454  2023-03-04  Brighton & Hove Albion vs West Ham United  (Premier League)
2026-03-25 21:26:21,971  DEBUG     Processing: C:\repos\football-vault\matches\premier-league\2022-2023\20230304-chelsea-vs-leeds-united.json
2026-03-25 21:26:21,971  INFO      CREATED match: id=1455  2023-03-04  Chelsea vs Leeds United  (Premier League)
2026-03-25 21:26:21,971  DEBUG     Processing: C:\repos\football-vault\matches\premier-league\2022-2023\20230304-manchester-city-vs-newcastle-united.json
2026-03-25 21:26:21,971  INFO      CREATED match: id=1456  2023-03-04  Manchester City vs Newcastle United  (Premier League)
2026-03-25 21:26:21,971  DEBUG     Processing: C:\repos\football-vault\matches\premier-league\2022-2023\20230304-southampton-vs-leicester-city.json
2026-03-25 21:26:21,971  INFO      CREATED match: id=1457  2023-03-04  Southampton vs Leicester City  (Premier League)
2026-03-25 21:26:21,971  DEBUG     Processing: C:\repos\football-vault\matches\premier-league\2022-2023\20230304-wolverhampton-wanderers-vs-tottenham-hotspur.json
2026-03-25 21:26:21,972  INFO      CREATED match: id=1458  2023-03-04  Wolverhampton Wanderers vs Tottenham Hotspur  (Premier League)
2026-03-25 21:26:21,972  DEBUG     Processing: C:\repos\football-vault\matches\premier-league\2022-2023\20230305-liverpool-vs-manchester-united.json
2026-03-25 21:26:21,972  INFO      CREATED match: id=1459  2023-03-05  Liverpool vs Manchester United  (Premier League)
2026-03-25 21:26:21,972  DEBUG     Processing: C:\repos\football-vault\matches\premier-league\2022-2023\20230305-nottingham-forest-vs-everton.json
2026-03-25 21:26:21,972  INFO      CREATED match: id=1460  2023-03-05  Nottingham Forest vs Everton  (Premier League)
2026-03-25 21:26:21,972  DEBUG     Processing: C:\repos\football-vault\matches\premier-league\2022-2023\20230306-brentford-vs-fulham.json
2026-03-25 21:26:21,972  INFO      CREATED match: id=1461  2023-03-06  Brentford vs Fulham  (Premier League)
2026-03-25 21:26:21,973  DEBUG     Processing: C:\repos\football-vault\matches\premier-league\2022-2023\20230311-afc-bournemouth-vs-liverpool.json
2026-03-25 21:26:21,973  INFO      CREATED match: id=1462  2023-03-11  AFC Bournemouth vs Liverpool  (Premier League)
2026-03-25 21:26:21,973  DEBUG     Processing: C:\repos\football-vault\matches\premier-league\2022-2023\20230311-crystal-palace-vs-manchester-city.json
2026-03-25 21:26:21,973  INFO      CREATED match: id=1463  2023-03-11  Crystal Palace vs Manchester City  (Premier League)
2026-03-25 21:26:21,973  DEBUG     Processing: C:\repos\football-vault\matches\premier-league\2022-2023\20230311-everton-vs-brentford.json
2026-03-25 21:26:21,974  INFO      CREATED match: id=1464  2023-03-11  Everton vs Brentford  (Premier League)
2026-03-25 21:26:21,974  DEBUG     Processing: C:\repos\football-vault\matches\premier-league\2022-2023\20230311-leeds-united-vs-brighton-and-hove-albion.json
2026-03-25 21:26:21,974  INFO      CREATED match: id=1465  2023-03-11  Leeds United vs Brighton & Hove Albion  (Premier League)
2026-03-25 21:26:21,974  DEBUG     Processing: C:\repos\football-vault\matches\premier-league\2022-2023\20230311-leicester-city-vs-chelsea.json
2026-03-25 21:26:21,975  INFO      CREATED match: id=1466  2023-03-11  Leicester City vs Chelsea  (Premier League)
2026-03-25 21:26:21,975  DEBUG     Processing: C:\repos\football-vault\matches\premier-league\2022-2023\20230311-tottenham-hotspur-vs-nottingham-forest.json
2026-03-25 21:26:21,975  INFO      CREATED match: id=1467  2023-03-11  Tottenham Hotspur vs Nottingham Forest  (Premier League)
2026-03-25 21:26:21,975  DEBUG     Processing: C:\repos\football-vault\matches\premier-league\2022-2023\20230312-fulham-vs-arsenal.json
2026-03-25 21:26:21,975  INFO      CREATED match: id=1468  2023-03-12  Fulham vs Arsenal  (Premier League)
2026-03-25 21:26:21,975  DEBUG     Processing: C:\repos\football-vault\matches\premier-league\2022-2023\20230312-manchester-united-vs-southampton.json
2026-03-25 21:26:21,976  INFO      CREATED match: id=1469  2023-03-12  Manchester United vs Southampton  (Premier League)
2026-03-25 21:26:21,976  DEBUG     Processing: C:\repos\football-vault\matches\premier-league\2022-2023\20230312-newcastle-united-vs-wolverhampton-wanderers.json
2026-03-25 21:26:21,976  INFO      CREATED match: id=1470  2023-03-12  Newcastle United vs Wolverhampton Wanderers  (Premier League)
2026-03-25 21:26:21,976  DEBUG     Processing: C:\repos\football-vault\matches\premier-league\2022-2023\20230312-west-ham-united-vs-aston-villa.json
2026-03-25 21:26:21,976  INFO      CREATED match: id=1471  2023-03-12  West Ham United vs Aston Villa  (Premier League)
2026-03-25 21:26:21,976  DEBUG     Processing: C:\repos\football-vault\matches\premier-league\2022-2023\20230315-brighton-and-hove-albion-vs-crystal-palace.json
2026-03-25 21:26:21,977  INFO      CREATED match: id=1472  2023-03-15  Brighton & Hove Albion vs Crystal Palace  (Premier League)
2026-03-25 21:26:21,977  DEBUG     Processing: C:\repos\football-vault\matches\premier-league\2022-2023\20230315-southampton-vs-brentford.json
2026-03-25 21:26:21,977  INFO      CREATED match: id=1473  2023-03-15  Southampton vs Brentford  (Premier League)
2026-03-25 21:26:21,977  DEBUG     Processing: C:\repos\football-vault\matches\premier-league\2022-2023\20230317-nottingham-forest-vs-newcastle-united.json
2026-03-25 21:26:21,977  INFO      CREATED match: id=1474  2023-03-17  Nottingham Forest vs Newcastle United  (Premier League)
2026-03-25 21:26:21,977  DEBUG     Processing: C:\repos\football-vault\matches\premier-league\2022-2023\20230318-aston-villa-vs-afc-bournemouth.json
2026-03-25 21:26:21,978  INFO      CREATED match: id=1475  2023-03-18  Aston Villa vs AFC Bournemouth  (Premier League)
2026-03-25 21:26:21,978  DEBUG     Processing: C:\repos\football-vault\matches\premier-league\2022-2023\20230318-brentford-vs-leicester-city.json
2026-03-25 21:26:21,978  INFO      CREATED match: id=1476  2023-03-18  Brentford vs Leicester City  (Premier League)
2026-03-25 21:26:21,978  DEBUG     Processing: C:\repos\football-vault\matches\premier-league\2022-2023\20230318-chelsea-vs-everton.json
2026-03-25 21:26:21,978  INFO      CREATED match: id=1477  2023-03-18  Chelsea vs Everton  (Premier League)
2026-03-25 21:26:21,978  DEBUG     Processing: C:\repos\football-vault\matches\premier-league\2022-2023\20230318-southampton-vs-tottenham-hotspur.json
2026-03-25 21:26:21,978  INFO      CREATED match: id=1478  2023-03-18  Southampton vs Tottenham Hotspur  (Premier League)
2026-03-25 21:26:21,979  DEBUG     Processing: C:\repos\football-vault\matches\premier-league\2022-2023\20230318-wolverhampton-wanderers-vs-leeds-united.json
2026-03-25 21:26:21,979  INFO      CREATED match: id=1479  2023-03-18  Wolverhampton Wanderers vs Leeds United  (Premier League)
2026-03-25 21:26:21,979  DEBUG     Processing: C:\repos\football-vault\matches\premier-league\2022-2023\20230319-arsenal-vs-crystal-palace.json
2026-03-25 21:26:21,979  INFO      CREATED match: id=1480  2023-03-19  Arsenal vs Crystal Palace  (Premier League)
2026-03-25 21:26:21,979  DEBUG     Processing: C:\repos\football-vault\matches\premier-league\2022-2023\20230401-afc-bournemouth-vs-fulham.json
2026-03-25 21:26:21,979  INFO      CREATED match: id=1481  2023-04-01  AFC Bournemouth vs Fulham  (Premier League)
2026-03-25 21:26:21,979  DEBUG     Processing: C:\repos\football-vault\matches\premier-league\2022-2023\20230401-arsenal-vs-leeds-united.json
2026-03-25 21:26:21,979  INFO      CREATED match: id=1482  2023-04-01  Arsenal vs Leeds United  (Premier League)
2026-03-25 21:26:21,980  DEBUG     Processing: C:\repos\football-vault\matches\premier-league\2022-2023\20230401-brighton-and-hove-albion-vs-brentford.json
2026-03-25 21:26:21,980  INFO      CREATED match: id=1483  2023-04-01  Brighton & Hove Albion vs Brentford  (Premier League)
2026-03-25 21:26:21,980  DEBUG     Processing: C:\repos\football-vault\matches\premier-league\2022-2023\20230401-chelsea-vs-aston-villa.json
2026-03-25 21:26:21,980  INFO      CREATED match: id=1484  2023-04-01  Chelsea vs Aston Villa  (Premier League)
2026-03-25 21:26:21,980  DEBUG     Processing: C:\repos\football-vault\matches\premier-league\2022-2023\20230401-crystal-palace-vs-leicester-city.json
2026-03-25 21:26:21,981  INFO      CREATED match: id=1485  2023-04-01  Crystal Palace vs Leicester City  (Premier League)
2026-03-25 21:26:21,981  DEBUG     Processing: C:\repos\football-vault\matches\premier-league\2022-2023\20230401-manchester-city-vs-liverpool.json
2026-03-25 21:26:21,981  INFO      CREATED match: id=1486  2023-04-01  Manchester City vs Liverpool  (Premier League)
2026-03-25 21:26:21,981  DEBUG     Processing: C:\repos\football-vault\matches\premier-league\2022-2023\20230401-nottingham-forest-vs-wolverhampton-wanderers.json
2026-03-25 21:26:21,981  INFO      CREATED match: id=1487  2023-04-01  Nottingham Forest vs Wolverhampton Wanderers  (Premier League)
2026-03-25 21:26:21,981  DEBUG     Processing: C:\repos\football-vault\matches\premier-league\2022-2023\20230402-newcastle-united-vs-manchester-united.json
2026-03-25 21:26:21,982  INFO      CREATED match: id=1488  2023-04-02  Newcastle United vs Manchester United  (Premier League)
2026-03-25 21:26:21,982  DEBUG     Processing: C:\repos\football-vault\matches\premier-league\2022-2023\20230402-west-ham-united-vs-southampton.json
2026-03-25 21:26:21,982  INFO      CREATED match: id=1489  2023-04-02  West Ham United vs Southampton  (Premier League)
2026-03-25 21:26:21,982  DEBUG     Processing: C:\repos\football-vault\matches\premier-league\2022-2023\20230403-everton-vs-tottenham-hotspur.json
2026-03-25 21:26:21,982  INFO      CREATED match: id=1490  2023-04-03  Everton vs Tottenham Hotspur  (Premier League)
2026-03-25 21:26:21,983  DEBUG     Processing: C:\repos\football-vault\matches\premier-league\2022-2023\20230404-afc-bournemouth-vs-brighton-and-hove-albion.json
2026-03-25 21:26:21,983  INFO      CREATED match: id=1491  2023-04-04  AFC Bournemouth vs Brighton & Hove Albion  (Premier League)
2026-03-25 21:26:21,983  DEBUG     Processing: C:\repos\football-vault\matches\premier-league\2022-2023\20230404-chelsea-vs-liverpool.json
2026-03-25 21:26:21,983  INFO      CREATED match: id=1492  2023-04-04  Chelsea vs Liverpool  (Premier League)
2026-03-25 21:26:21,983  DEBUG     Processing: C:\repos\football-vault\matches\premier-league\2022-2023\20230404-leeds-united-vs-nottingham-forest.json
2026-03-25 21:26:21,983  INFO      CREATED match: id=1493  2023-04-04  Leeds United vs Nottingham Forest  (Premier League)
2026-03-25 21:26:21,983  DEBUG     Processing: C:\repos\football-vault\matches\premier-league\2022-2023\20230404-leicester-city-vs-aston-villa.json
2026-03-25 21:26:21,984  INFO      CREATED match: id=1494  2023-04-04  Leicester City vs Aston Villa  (Premier League)
2026-03-25 21:26:21,984  DEBUG     Processing: C:\repos\football-vault\matches\premier-league\2022-2023\20230405-manchester-united-vs-brentford.json
2026-03-25 21:26:21,984  INFO      CREATED match: id=1495  2023-04-05  Manchester United vs Brentford  (Premier League)
2026-03-25 21:26:21,984  DEBUG     Processing: C:\repos\football-vault\matches\premier-league\2022-2023\20230405-west-ham-united-vs-newcastle-united.json
2026-03-25 21:26:21,984  INFO      CREATED match: id=1496  2023-04-05  West Ham United vs Newcastle United  (Premier League)
2026-03-25 21:26:21,984  DEBUG     Processing: C:\repos\football-vault\matches\premier-league\2022-2023\20230408-aston-villa-vs-nottingham-forest.json
2026-03-25 21:26:21,985  INFO      CREATED match: id=1497  2023-04-08  Aston Villa vs Nottingham Forest  (Premier League)
2026-03-25 21:26:21,985  DEBUG     Processing: C:\repos\football-vault\matches\premier-league\2022-2023\20230408-brentford-vs-newcastle-united.json
2026-03-25 21:26:21,985  INFO      CREATED match: id=1498  2023-04-08  Brentford vs Newcastle United  (Premier League)
2026-03-25 21:26:21,985  DEBUG     Processing: C:\repos\football-vault\matches\premier-league\2022-2023\20230408-fulham-vs-west-ham-united.json
2026-03-25 21:26:21,985  INFO      CREATED match: id=1499  2023-04-08  Fulham vs West Ham United  (Premier League)
2026-03-25 21:26:21,985  DEBUG     Processing: C:\repos\football-vault\matches\premier-league\2022-2023\20230408-leicester-city-vs-afc-bournemouth.json
2026-03-25 21:26:21,986  INFO      CREATED match: id=1500  2023-04-08  Leicester City vs AFC Bournemouth  (Premier League)
2026-03-25 21:26:21,986  DEBUG     Processing: C:\repos\football-vault\matches\premier-league\2022-2023\20230408-manchester-united-vs-everton.json
2026-03-25 21:26:21,986  INFO      CREATED match: id=1501  2023-04-08  Manchester United vs Everton  (Premier League)
2026-03-25 21:26:21,986  DEBUG     Processing: C:\repos\football-vault\matches\premier-league\2022-2023\20230408-southampton-vs-manchester-city.json
2026-03-25 21:26:21,986  INFO      CREATED match: id=1502  2023-04-08  Southampton vs Manchester City  (Premier League)
2026-03-25 21:26:21,986  DEBUG     Processing: C:\repos\football-vault\matches\premier-league\2022-2023\20230408-tottenham-hotspur-vs-brighton-and-hove-albion.json
2026-03-25 21:26:21,987  INFO      CREATED match: id=1503  2023-04-08  Tottenham Hotspur vs Brighton & Hove Albion  (Premier League)
2026-03-25 21:26:21,987  DEBUG     Processing: C:\repos\football-vault\matches\premier-league\2022-2023\20230408-wolverhampton-wanderers-vs-chelsea.json
2026-03-25 21:26:21,987  INFO      CREATED match: id=1504  2023-04-08  Wolverhampton Wanderers vs Chelsea  (Premier League)
2026-03-25 21:26:21,987  DEBUG     Processing: C:\repos\football-vault\matches\premier-league\2022-2023\20230409-leeds-united-vs-crystal-palace.json
2026-03-25 21:26:21,987  INFO      CREATED match: id=1505  2023-04-09  Leeds United vs Crystal Palace  (Premier League)
2026-03-25 21:26:21,988  DEBUG     Processing: C:\repos\football-vault\matches\premier-league\2022-2023\20230409-liverpool-vs-arsenal.json
2026-03-25 21:26:21,988  INFO      CREATED match: id=1506  2023-04-09  Liverpool vs Arsenal  (Premier League)
2026-03-25 21:26:21,988  DEBUG     Processing: C:\repos\football-vault\matches\premier-league\2022-2023\20230415-aston-villa-vs-newcastle-united.json
2026-03-25 21:26:21,988  INFO      CREATED match: id=1507  2023-04-15  Aston Villa vs Newcastle United  (Premier League)
2026-03-25 21:26:21,988  DEBUG     Processing: C:\repos\football-vault\matches\premier-league\2022-2023\20230415-chelsea-vs-brighton-and-hove-albion.json
2026-03-25 21:26:21,988  INFO      CREATED match: id=1508  2023-04-15  Chelsea vs Brighton & Hove Albion  (Premier League)
2026-03-25 21:26:21,989  DEBUG     Processing: C:\repos\football-vault\matches\premier-league\2022-2023\20230415-everton-vs-fulham.json
2026-03-25 21:26:21,989  INFO      CREATED match: id=1509  2023-04-15  Everton vs Fulham  (Premier League)
2026-03-25 21:26:21,989  DEBUG     Processing: C:\repos\football-vault\matches\premier-league\2022-2023\20230415-manchester-city-vs-leicester-city.json
2026-03-25 21:26:21,989  INFO      CREATED match: id=1510  2023-04-15  Manchester City vs Leicester City  (Premier League)
2026-03-25 21:26:21,989  DEBUG     Processing: C:\repos\football-vault\matches\premier-league\2022-2023\20230415-southampton-vs-crystal-palace.json
2026-03-25 21:26:21,990  INFO      CREATED match: id=1511  2023-04-15  Southampton vs Crystal Palace  (Premier League)
2026-03-25 21:26:21,990  DEBUG     Processing: C:\repos\football-vault\matches\premier-league\2022-2023\20230415-tottenham-hotspur-vs-afc-bournemouth.json
2026-03-25 21:26:21,990  INFO      CREATED match: id=1512  2023-04-15  Tottenham Hotspur vs AFC Bournemouth  (Premier League)
2026-03-25 21:26:21,990  DEBUG     Processing: C:\repos\football-vault\matches\premier-league\2022-2023\20230415-wolverhampton-wanderers-vs-brentford.json
2026-03-25 21:26:21,991  INFO      CREATED match: id=1513  2023-04-15  Wolverhampton Wanderers vs Brentford  (Premier League)
2026-03-25 21:26:21,991  DEBUG     Processing: C:\repos\football-vault\matches\premier-league\2022-2023\20230416-nottingham-forest-vs-manchester-united.json
2026-03-25 21:26:21,991  INFO      CREATED match: id=1514  2023-04-16  Nottingham Forest vs Manchester United  (Premier League)
2026-03-25 21:26:21,991  DEBUG     Processing: C:\repos\football-vault\matches\premier-league\2022-2023\20230416-west-ham-united-vs-arsenal.json
2026-03-25 21:26:21,992  INFO      CREATED match: id=1515  2023-04-16  West Ham United vs Arsenal  (Premier League)
2026-03-25 21:26:21,992  DEBUG     Processing: C:\repos\football-vault\matches\premier-league\2022-2023\20230417-leeds-united-vs-liverpool.json
2026-03-25 21:26:21,992  INFO      CREATED match: id=1516  2023-04-17  Leeds United vs Liverpool  (Premier League)
2026-03-25 21:26:21,992  DEBUG     Processing: C:\repos\football-vault\matches\premier-league\2022-2023\20230421-arsenal-vs-southampton.json
2026-03-25 21:26:21,993  INFO      CREATED match: id=1517  2023-04-21  Arsenal vs Southampton  (Premier League)
2026-03-25 21:26:21,993  DEBUG     Processing: C:\repos\football-vault\matches\premier-league\2022-2023\20230422-brentford-vs-aston-villa.json
2026-03-25 21:26:21,993  INFO      CREATED match: id=1518  2023-04-22  Brentford vs Aston Villa  (Premier League)
2026-03-25 21:26:21,993  DEBUG     Processing: C:\repos\football-vault\matches\premier-league\2022-2023\20230422-crystal-palace-vs-everton.json
2026-03-25 21:26:21,993  INFO      CREATED match: id=1519  2023-04-22  Crystal Palace vs Everton  (Premier League)
2026-03-25 21:26:21,994  DEBUG     Processing: C:\repos\football-vault\matches\premier-league\2022-2023\20230422-fulham-vs-leeds-united.json
2026-03-25 21:26:21,994  INFO      CREATED match: id=1520  2023-04-22  Fulham vs Leeds United  (Premier League)
2026-03-25 21:26:21,994  DEBUG     Processing: C:\repos\football-vault\matches\premier-league\2022-2023\20230422-leicester-city-vs-wolverhampton-wanderers.json
2026-03-25 21:26:21,994  INFO      CREATED match: id=1521  2023-04-22  Leicester City vs Wolverhampton Wanderers  (Premier League)
2026-03-25 21:26:21,994  DEBUG     Processing: C:\repos\football-vault\matches\premier-league\2022-2023\20230422-liverpool-vs-nottingham-forest.json
2026-03-25 21:26:21,995  INFO      CREATED match: id=1522  2023-04-22  Liverpool vs Nottingham Forest  (Premier League)
2026-03-25 21:26:21,995  DEBUG     Processing: C:\repos\football-vault\matches\premier-league\2022-2023\20230423-afc-bournemouth-vs-west-ham-united.json
2026-03-25 21:26:21,995  INFO      CREATED match: id=1523  2023-04-23  AFC Bournemouth vs West Ham United  (Premier League)
2026-03-25 21:26:21,995  DEBUG     Processing: C:\repos\football-vault\matches\premier-league\2022-2023\20230423-newcastle-united-vs-tottenham-hotspur.json
2026-03-25 21:26:21,995  INFO      CREATED match: id=1524  2023-04-23  Newcastle United vs Tottenham Hotspur  (Premier League)
2026-03-25 21:26:21,995  DEBUG     Processing: C:\repos\football-vault\matches\premier-league\2022-2023\20230425-aston-villa-vs-fulham.json
2026-03-25 21:26:21,995  INFO      CREATED match: id=1525  2023-04-25  Aston Villa vs Fulham  (Premier League)
2026-03-25 21:26:21,995  DEBUG     Processing: C:\repos\football-vault\matches\premier-league\2022-2023\20230425-leeds-united-vs-leicester-city.json
2026-03-25 21:26:21,996  INFO      CREATED match: id=1526  2023-04-25  Leeds United vs Leicester City  (Premier League)
2026-03-25 21:26:21,996  DEBUG     Processing: C:\repos\football-vault\matches\premier-league\2022-2023\20230425-wolverhampton-wanderers-vs-crystal-palace.json
2026-03-25 21:26:21,996  INFO      CREATED match: id=1527  2023-04-25  Wolverhampton Wanderers vs Crystal Palace  (Premier League)
2026-03-25 21:26:21,996  DEBUG     Processing: C:\repos\football-vault\matches\premier-league\2022-2023\20230426-chelsea-vs-brentford.json
2026-03-25 21:26:21,996  INFO      CREATED match: id=1528  2023-04-26  Chelsea vs Brentford  (Premier League)
2026-03-25 21:26:21,997  DEBUG     Processing: C:\repos\football-vault\matches\premier-league\2022-2023\20230426-manchester-city-vs-arsenal.json
2026-03-25 21:26:21,997  INFO      CREATED match: id=1529  2023-04-26  Manchester City vs Arsenal  (Premier League)
2026-03-25 21:26:21,997  DEBUG     Processing: C:\repos\football-vault\matches\premier-league\2022-2023\20230426-nottingham-forest-vs-brighton-and-hove-albion.json
2026-03-25 21:26:21,997  INFO      CREATED match: id=1530  2023-04-26  Nottingham Forest vs Brighton & Hove Albion  (Premier League)
2026-03-25 21:26:21,997  DEBUG     Processing: C:\repos\football-vault\matches\premier-league\2022-2023\20230426-west-ham-united-vs-liverpool.json
2026-03-25 21:26:21,997  INFO      CREATED match: id=1531  2023-04-26  West Ham United vs Liverpool  (Premier League)
2026-03-25 21:26:21,998  DEBUG     Processing: C:\repos\football-vault\matches\premier-league\2022-2023\20230427-everton-vs-newcastle-united.json
2026-03-25 21:26:21,998  INFO      CREATED match: id=1532  2023-04-27  Everton vs Newcastle United  (Premier League)
2026-03-25 21:26:21,998  DEBUG     Processing: C:\repos\football-vault\matches\premier-league\2022-2023\20230427-southampton-vs-afc-bournemouth.json
2026-03-25 21:26:21,998  INFO      CREATED match: id=1533  2023-04-27  Southampton vs AFC Bournemouth  (Premier League)
2026-03-25 21:26:21,998  DEBUG     Processing: C:\repos\football-vault\matches\premier-league\2022-2023\20230427-tottenham-hotspur-vs-manchester-united.json
2026-03-25 21:26:21,998  INFO      CREATED match: id=1534  2023-04-27  Tottenham Hotspur vs Manchester United  (Premier League)
2026-03-25 21:26:21,999  DEBUG     Processing: C:\repos\football-vault\matches\premier-league\2022-2023\20230429-brentford-vs-nottingham-forest.json
2026-03-25 21:26:21,999  INFO      CREATED match: id=1535  2023-04-29  Brentford vs Nottingham Forest  (Premier League)
2026-03-25 21:26:21,999  DEBUG     Processing: C:\repos\football-vault\matches\premier-league\2022-2023\20230429-brighton-and-hove-albion-vs-wolverhampton-wanderers.json
2026-03-25 21:26:21,999  INFO      CREATED match: id=1536  2023-04-29  Brighton & Hove Albion vs Wolverhampton Wanderers  (Premier League)
2026-03-25 21:26:21,999  DEBUG     Processing: C:\repos\football-vault\matches\premier-league\2022-2023\20230429-crystal-palace-vs-west-ham-united.json
2026-03-25 21:26:21,999  INFO      CREATED match: id=1537  2023-04-29  Crystal Palace vs West Ham United  (Premier League)
2026-03-25 21:26:22,000  DEBUG     Processing: C:\repos\football-vault\matches\premier-league\2022-2023\20230430-afc-bournemouth-vs-leeds-united.json
2026-03-25 21:26:22,000  INFO      CREATED match: id=1538  2023-04-30  AFC Bournemouth vs Leeds United  (Premier League)
2026-03-25 21:26:22,000  DEBUG     Processing: C:\repos\football-vault\matches\premier-league\2022-2023\20230430-fulham-vs-manchester-city.json
2026-03-25 21:26:22,000  INFO      CREATED match: id=1539  2023-04-30  Fulham vs Manchester City  (Premier League)
2026-03-25 21:26:22,000  DEBUG     Processing: C:\repos\football-vault\matches\premier-league\2022-2023\20230430-liverpool-vs-tottenham-hotspur.json
2026-03-25 21:26:22,001  INFO      CREATED match: id=1540  2023-04-30  Liverpool vs Tottenham Hotspur  (Premier League)
2026-03-25 21:26:22,001  DEBUG     Processing: C:\repos\football-vault\matches\premier-league\2022-2023\20230430-manchester-united-vs-aston-villa.json
2026-03-25 21:26:22,001  INFO      CREATED match: id=1541  2023-04-30  Manchester United vs Aston Villa  (Premier League)
2026-03-25 21:26:22,001  DEBUG     Processing: C:\repos\football-vault\matches\premier-league\2022-2023\20230430-newcastle-united-vs-southampton.json
2026-03-25 21:26:22,001  INFO      CREATED match: id=1542  2023-04-30  Newcastle United vs Southampton  (Premier League)
2026-03-25 21:26:22,002  DEBUG     Processing: C:\repos\football-vault\matches\premier-league\2022-2023\20230501-leicester-city-vs-everton.json
2026-03-25 21:26:22,002  INFO      CREATED match: id=1543  2023-05-01  Leicester City vs Everton  (Premier League)
2026-03-25 21:26:22,002  DEBUG     Processing: C:\repos\football-vault\matches\premier-league\2022-2023\20230502-arsenal-vs-chelsea.json
2026-03-25 21:26:22,002  INFO      CREATED match: id=1544  2023-05-02  Arsenal vs Chelsea  (Premier League)
2026-03-25 21:26:22,002  DEBUG     Processing: C:\repos\football-vault\matches\premier-league\2022-2023\20230503-liverpool-vs-fulham.json
2026-03-25 21:26:22,002  INFO      CREATED match: id=1545  2023-05-03  Liverpool vs Fulham  (Premier League)
2026-03-25 21:26:22,003  DEBUG     Processing: C:\repos\football-vault\matches\premier-league\2022-2023\20230503-manchester-city-vs-west-ham-united.json
2026-03-25 21:26:22,003  INFO      CREATED match: id=1546  2023-05-03  Manchester City vs West Ham United  (Premier League)
2026-03-25 21:26:22,003  DEBUG     Processing: C:\repos\football-vault\matches\premier-league\2022-2023\20230504-brighton-and-hove-albion-vs-manchester-united.json
2026-03-25 21:26:22,003  INFO      CREATED match: id=1547  2023-05-04  Brighton & Hove Albion vs Manchester United  (Premier League)
2026-03-25 21:26:22,004  DEBUG     Processing: C:\repos\football-vault\matches\premier-league\2022-2023\20230506-afc-bournemouth-vs-chelsea.json
2026-03-25 21:26:22,004  INFO      CREATED match: id=1548  2023-05-06  AFC Bournemouth vs Chelsea  (Premier League)
2026-03-25 21:26:22,004  DEBUG     Processing: C:\repos\football-vault\matches\premier-league\2022-2023\20230506-liverpool-vs-brentford.json
2026-03-25 21:26:22,004  INFO      CREATED match: id=1549  2023-05-06  Liverpool vs Brentford  (Premier League)
2026-03-25 21:26:22,004  DEBUG     Processing: C:\repos\football-vault\matches\premier-league\2022-2023\20230506-manchester-city-vs-leeds-united.json
2026-03-25 21:26:22,004  INFO      CREATED match: id=1550  2023-05-06  Manchester City vs Leeds United  (Premier League)
2026-03-25 21:26:22,005  DEBUG     Processing: C:\repos\football-vault\matches\premier-league\2022-2023\20230506-tottenham-hotspur-vs-crystal-palace.json
2026-03-25 21:26:22,005  INFO      CREATED match: id=1551  2023-05-06  Tottenham Hotspur vs Crystal Palace  (Premier League)
2026-03-25 21:26:22,005  DEBUG     Processing: C:\repos\football-vault\matches\premier-league\2022-2023\20230506-wolverhampton-wanderers-vs-aston-villa.json
2026-03-25 21:26:22,005  INFO      CREATED match: id=1552  2023-05-06  Wolverhampton Wanderers vs Aston Villa  (Premier League)
2026-03-25 21:26:22,005  DEBUG     Processing: C:\repos\football-vault\matches\premier-league\2022-2023\20230507-newcastle-united-vs-arsenal.json
2026-03-25 21:26:22,006  INFO      CREATED match: id=1553  2023-05-07  Newcastle United vs Arsenal  (Premier League)
2026-03-25 21:26:22,006  DEBUG     Processing: C:\repos\football-vault\matches\premier-league\2022-2023\20230507-west-ham-united-vs-manchester-united.json
2026-03-25 21:26:22,006  INFO      CREATED match: id=1554  2023-05-07  West Ham United vs Manchester United  (Premier League)
2026-03-25 21:26:22,006  DEBUG     Processing: C:\repos\football-vault\matches\premier-league\2022-2023\20230508-brighton-and-hove-albion-vs-everton.json
2026-03-25 21:26:22,006  INFO      CREATED match: id=1555  2023-05-08  Brighton & Hove Albion vs Everton  (Premier League)
2026-03-25 21:26:22,007  DEBUG     Processing: C:\repos\football-vault\matches\premier-league\2022-2023\20230508-fulham-vs-leicester-city.json
2026-03-25 21:26:22,007  INFO      CREATED match: id=1556  2023-05-08  Fulham vs Leicester City  (Premier League)
2026-03-25 21:26:22,007  DEBUG     Processing: C:\repos\football-vault\matches\premier-league\2022-2023\20230508-nottingham-forest-vs-southampton.json
2026-03-25 21:26:22,007  INFO      CREATED match: id=1557  2023-05-08  Nottingham Forest vs Southampton  (Premier League)
2026-03-25 21:26:22,007  DEBUG     Processing: C:\repos\football-vault\matches\premier-league\2022-2023\20230513-aston-villa-vs-tottenham-hotspur.json
2026-03-25 21:26:22,008  INFO      CREATED match: id=1558  2023-05-13  Aston Villa vs Tottenham Hotspur  (Premier League)
2026-03-25 21:26:22,008  DEBUG     Processing: C:\repos\football-vault\matches\premier-league\2022-2023\20230513-chelsea-vs-nottingham-forest.json
2026-03-25 21:26:22,008  INFO      CREATED match: id=1559  2023-05-13  Chelsea vs Nottingham Forest  (Premier League)
2026-03-25 21:26:22,008  DEBUG     Processing: C:\repos\football-vault\matches\premier-league\2022-2023\20230513-crystal-palace-vs-afc-bournemouth.json
2026-03-25 21:26:22,009  INFO      CREATED match: id=1560  2023-05-13  Crystal Palace vs AFC Bournemouth  (Premier League)
2026-03-25 21:26:22,009  DEBUG     Processing: C:\repos\football-vault\matches\premier-league\2022-2023\20230513-leeds-united-vs-newcastle-united.json
2026-03-25 21:26:22,009  INFO      CREATED match: id=1561  2023-05-13  Leeds United vs Newcastle United  (Premier League)
2026-03-25 21:26:22,009  DEBUG     Processing: C:\repos\football-vault\matches\premier-league\2022-2023\20230513-manchester-united-vs-wolverhampton-wanderers.json
2026-03-25 21:26:22,009  INFO      CREATED match: id=1562  2023-05-13  Manchester United vs Wolverhampton Wanderers  (Premier League)
2026-03-25 21:26:22,009  DEBUG     Processing: C:\repos\football-vault\matches\premier-league\2022-2023\20230513-southampton-vs-fulham.json
2026-03-25 21:26:22,010  INFO      CREATED match: id=1563  2023-05-13  Southampton vs Fulham  (Premier League)
2026-03-25 21:26:22,010  DEBUG     Processing: C:\repos\football-vault\matches\premier-league\2022-2023\20230514-arsenal-vs-brighton-and-hove-albion.json
2026-03-25 21:26:22,010  INFO      CREATED match: id=1564  2023-05-14  Arsenal vs Brighton & Hove Albion  (Premier League)
2026-03-25 21:26:22,010  DEBUG     Processing: C:\repos\football-vault\matches\premier-league\2022-2023\20230514-brentford-vs-west-ham-united.json
2026-03-25 21:26:22,010  INFO      CREATED match: id=1565  2023-05-14  Brentford vs West Ham United  (Premier League)
2026-03-25 21:26:22,011  DEBUG     Processing: C:\repos\football-vault\matches\premier-league\2022-2023\20230514-everton-vs-manchester-city.json
2026-03-25 21:26:22,011  INFO      CREATED match: id=1566  2023-05-14  Everton vs Manchester City  (Premier League)
2026-03-25 21:26:22,011  DEBUG     Processing: C:\repos\football-vault\matches\premier-league\2022-2023\20230515-leicester-city-vs-liverpool.json
2026-03-25 21:26:22,011  INFO      CREATED match: id=1567  2023-05-15  Leicester City vs Liverpool  (Premier League)
2026-03-25 21:26:22,011  DEBUG     Processing: C:\repos\football-vault\matches\premier-league\2022-2023\20230518-newcastle-united-vs-brighton-and-hove-albion.json
2026-03-25 21:26:22,012  INFO      CREATED match: id=1568  2023-05-18  Newcastle United vs Brighton & Hove Albion  (Premier League)
2026-03-25 21:26:22,012  DEBUG     Processing: C:\repos\football-vault\matches\premier-league\2022-2023\20230520-afc-bournemouth-vs-manchester-united.json
2026-03-25 21:26:22,012  INFO      CREATED match: id=1569  2023-05-20  AFC Bournemouth vs Manchester United  (Premier League)
2026-03-25 21:26:22,012  DEBUG     Processing: C:\repos\football-vault\matches\premier-league\2022-2023\20230520-fulham-vs-crystal-palace.json
2026-03-25 21:26:22,012  INFO      CREATED match: id=1570  2023-05-20  Fulham vs Crystal Palace  (Premier League)
2026-03-25 21:26:22,013  DEBUG     Processing: C:\repos\football-vault\matches\premier-league\2022-2023\20230520-liverpool-vs-aston-villa.json
2026-03-25 21:26:22,013  INFO      CREATED match: id=1571  2023-05-20  Liverpool vs Aston Villa  (Premier League)
2026-03-25 21:26:22,013  DEBUG     Processing: C:\repos\football-vault\matches\premier-league\2022-2023\20230520-nottingham-forest-vs-arsenal.json
2026-03-25 21:26:22,013  INFO      CREATED match: id=1572  2023-05-20  Nottingham Forest vs Arsenal  (Premier League)
2026-03-25 21:26:22,013  DEBUG     Processing: C:\repos\football-vault\matches\premier-league\2022-2023\20230520-tottenham-hotspur-vs-brentford.json
2026-03-25 21:26:22,014  INFO      CREATED match: id=1573  2023-05-20  Tottenham Hotspur vs Brentford  (Premier League)
2026-03-25 21:26:22,014  DEBUG     Processing: C:\repos\football-vault\matches\premier-league\2022-2023\20230520-wolverhampton-wanderers-vs-everton.json
2026-03-25 21:26:22,014  INFO      CREATED match: id=1574  2023-05-20  Wolverhampton Wanderers vs Everton  (Premier League)
2026-03-25 21:26:22,014  DEBUG     Processing: C:\repos\football-vault\matches\premier-league\2022-2023\20230521-brighton-and-hove-albion-vs-southampton.json
2026-03-25 21:26:22,014  INFO      CREATED match: id=1575  2023-05-21  Brighton & Hove Albion vs Southampton  (Premier League)
2026-03-25 21:26:22,014  DEBUG     Processing: C:\repos\football-vault\matches\premier-league\2022-2023\20230521-manchester-city-vs-chelsea.json
2026-03-25 21:26:22,015  INFO      CREATED match: id=1576  2023-05-21  Manchester City vs Chelsea  (Premier League)
2026-03-25 21:26:22,015  DEBUG     Processing: C:\repos\football-vault\matches\premier-league\2022-2023\20230521-west-ham-united-vs-leeds-united.json
2026-03-25 21:26:22,015  INFO      CREATED match: id=1577  2023-05-21  West Ham United vs Leeds United  (Premier League)
2026-03-25 21:26:22,015  DEBUG     Processing: C:\repos\football-vault\matches\premier-league\2022-2023\20230522-newcastle-united-vs-leicester-city.json
2026-03-25 21:26:22,015  INFO      CREATED match: id=1578  2023-05-22  Newcastle United vs Leicester City  (Premier League)
2026-03-25 21:26:22,015  DEBUG     Processing: C:\repos\football-vault\matches\premier-league\2022-2023\20230524-brighton-and-hove-albion-vs-manchester-city.json
2026-03-25 21:26:22,015  INFO      CREATED match: id=1579  2023-05-24  Brighton & Hove Albion vs Manchester City  (Premier League)
2026-03-25 21:26:22,016  DEBUG     Processing: C:\repos\football-vault\matches\premier-league\2022-2023\20230525-manchester-united-vs-chelsea.json
2026-03-25 21:26:22,016  INFO      CREATED match: id=1580  2023-05-25  Manchester United vs Chelsea  (Premier League)
2026-03-25 21:26:22,016  DEBUG     Processing: C:\repos\football-vault\matches\premier-league\2022-2023\20230528-arsenal-vs-wolverhampton-wanderers.json
2026-03-25 21:26:22,016  INFO      CREATED match: id=1581  2023-05-28  Arsenal vs Wolverhampton Wanderers  (Premier League)
2026-03-25 21:26:22,016  DEBUG     Processing: C:\repos\football-vault\matches\premier-league\2022-2023\20230528-aston-villa-vs-brighton-and-hove-albion.json
2026-03-25 21:26:22,017  INFO      CREATED match: id=1582  2023-05-28  Aston Villa vs Brighton & Hove Albion  (Premier League)
2026-03-25 21:26:22,017  DEBUG     Processing: C:\repos\football-vault\matches\premier-league\2022-2023\20230528-brentford-vs-manchester-city.json
2026-03-25 21:26:22,017  INFO      CREATED match: id=1583  2023-05-28  Brentford vs Manchester City  (Premier League)
2026-03-25 21:26:22,017  DEBUG     Processing: C:\repos\football-vault\matches\premier-league\2022-2023\20230528-chelsea-vs-newcastle-united.json
2026-03-25 21:26:22,017  INFO      CREATED match: id=1584  2023-05-28  Chelsea vs Newcastle United  (Premier League)
2026-03-25 21:26:22,018  DEBUG     Processing: C:\repos\football-vault\matches\premier-league\2022-2023\20230528-crystal-palace-vs-nottingham-forest.json
2026-03-25 21:26:22,018  INFO      CREATED match: id=1585  2023-05-28  Crystal Palace vs Nottingham Forest  (Premier League)
2026-03-25 21:26:22,018  DEBUG     Processing: C:\repos\football-vault\matches\premier-league\2022-2023\20230528-everton-vs-afc-bournemouth.json
2026-03-25 21:26:22,018  INFO      CREATED match: id=1586  2023-05-28  Everton vs AFC Bournemouth  (Premier League)
2026-03-25 21:26:22,019  DEBUG     Processing: C:\repos\football-vault\matches\premier-league\2022-2023\20230528-leeds-united-vs-tottenham-hotspur.json
2026-03-25 21:26:22,019  INFO      CREATED match: id=1587  2023-05-28  Leeds United vs Tottenham Hotspur  (Premier League)
2026-03-25 21:26:22,019  DEBUG     Processing: C:\repos\football-vault\matches\premier-league\2022-2023\20230528-leicester-city-vs-west-ham-united.json
2026-03-25 21:26:22,019  INFO      CREATED match: id=1588  2023-05-28  Leicester City vs West Ham United  (Premier League)
2026-03-25 21:26:22,019  DEBUG     Processing: C:\repos\football-vault\matches\premier-league\2022-2023\20230528-manchester-united-vs-fulham.json
2026-03-25 21:26:22,020  INFO      CREATED match: id=1589  2023-05-28  Manchester United vs Fulham  (Premier League)
2026-03-25 21:26:22,020  DEBUG     Processing: C:\repos\football-vault\matches\premier-league\2022-2023\20230528-southampton-vs-liverpool.json
2026-03-25 21:26:22,020  INFO      CREATED match: id=1590  2023-05-28  Southampton vs Liverpool  (Premier League)
2026-03-25 21:26:22,020  DEBUG     Processing: C:\repos\football-vault\matches\premier-league\2022-2023\20230811-burnley-vs-manchester-city.json
2026-03-25 21:26:22,021  INFO      CREATED match: id=1591  2023-08-11  Burnley vs Manchester City  (Premier League)
2026-03-25 21:26:22,021  DEBUG     Processing: C:\repos\football-vault\matches\premier-league\2022-2023\20230812-afc-bournemouth-vs-west-ham-united.json
2026-03-25 21:26:22,021  INFO      CREATED match: id=1592  2023-08-12  AFC Bournemouth vs West Ham United  (Premier League)
2026-03-25 21:26:22,021  DEBUG     Processing: C:\repos\football-vault\matches\premier-league\2022-2023\20230812-arsenal-vs-nottingham-forest.json
2026-03-25 21:26:22,021  INFO      CREATED match: id=1593  2023-08-12  Arsenal vs Nottingham Forest  (Premier League)
2026-03-25 21:26:22,021  DEBUG     Processing: C:\repos\football-vault\matches\premier-league\2022-2023\20230812-brighton-and-hove-albion-vs-luton-town.json
2026-03-25 21:26:22,022  INFO      CREATED match: id=1594  2023-08-12  Brighton & Hove Albion vs Luton Town  (Premier League)
2026-03-25 21:26:22,022  DEBUG     Processing: C:\repos\football-vault\matches\premier-league\2022-2023\20230812-everton-vs-fulham.json
2026-03-25 21:26:22,022  INFO      CREATED match: id=1595  2023-08-12  Everton vs Fulham  (Premier League)
2026-03-25 21:26:22,022  DEBUG     Processing: C:\repos\football-vault\matches\premier-league\2022-2023\20230812-newcastle-united-vs-aston-villa.json
2026-03-25 21:26:22,022  INFO      CREATED match: id=1596  2023-08-12  Newcastle United vs Aston Villa  (Premier League)
2026-03-25 21:26:22,022  DEBUG     Processing: C:\repos\football-vault\matches\premier-league\2022-2023\20230812-sheffield-united-vs-crystal-palace.json
2026-03-25 21:26:22,022  INFO      CREATED match: id=1597  2023-08-12  Sheffield United vs Crystal Palace  (Premier League)
2026-03-25 21:26:22,023  DEBUG     Processing: C:\repos\football-vault\matches\premier-league\2022-2023\20230813-brentford-vs-tottenham-hotspur.json
2026-03-25 21:26:22,023  INFO      CREATED match: id=1598  2023-08-13  Brentford vs Tottenham Hotspur  (Premier League)
2026-03-25 21:26:22,023  DEBUG     Processing: C:\repos\football-vault\matches\premier-league\2022-2023\20230813-chelsea-vs-liverpool.json
2026-03-25 21:26:22,023  INFO      CREATED match: id=1599  2023-08-13  Chelsea vs Liverpool  (Premier League)
2026-03-25 21:26:22,023  DEBUG     Processing: C:\repos\football-vault\matches\premier-league\2022-2023\20230814-manchester-united-vs-wolverhampton-wanderers.json
2026-03-25 21:26:22,023  INFO      CREATED match: id=1600  2023-08-14  Manchester United vs Wolverhampton Wanderers  (Premier League)
2026-03-25 21:26:22,023  DEBUG     Processing: C:\repos\football-vault\matches\premier-league\2022-2023\20230818-nottingham-forest-vs-sheffield-united.json
2026-03-25 21:26:22,024  INFO      CREATED match: id=1601  2023-08-18  Nottingham Forest vs Sheffield United  (Premier League)
2026-03-25 21:26:22,024  DEBUG     Processing: C:\repos\football-vault\matches\premier-league\2022-2023\20230819-fulham-vs-brentford.json
2026-03-25 21:26:22,024  INFO      CREATED match: id=1602  2023-08-19  Fulham vs Brentford  (Premier League)
2026-03-25 21:26:22,024  DEBUG     Processing: C:\repos\football-vault\matches\premier-league\2022-2023\20230819-liverpool-vs-afc-bournemouth.json
2026-03-25 21:26:22,025  INFO      CREATED match: id=1603  2023-08-19  Liverpool vs AFC Bournemouth  (Premier League)
2026-03-25 21:26:22,025  DEBUG     Processing: C:\repos\football-vault\matches\premier-league\2022-2023\20230819-manchester-city-vs-newcastle-united.json
2026-03-25 21:26:22,025  INFO      CREATED match: id=1604  2023-08-19  Manchester City vs Newcastle United  (Premier League)
2026-03-25 21:26:22,025  DEBUG     Processing: C:\repos\football-vault\matches\premier-league\2022-2023\20230819-tottenham-hotspur-vs-manchester-united.json
2026-03-25 21:26:22,025  INFO      CREATED match: id=1605  2023-08-19  Tottenham Hotspur vs Manchester United  (Premier League)
2026-03-25 21:26:22,025  DEBUG     Processing: C:\repos\football-vault\matches\premier-league\2022-2023\20230819-wolverhampton-wanderers-vs-brighton-and-hove-albion.json
2026-03-25 21:26:22,026  INFO      CREATED match: id=1606  2023-08-19  Wolverhampton Wanderers vs Brighton & Hove Albion  (Premier League)
2026-03-25 21:26:22,026  DEBUG     Processing: C:\repos\football-vault\matches\premier-league\2022-2023\20230820-aston-villa-vs-everton.json
2026-03-25 21:26:22,026  INFO      CREATED match: id=1607  2023-08-20  Aston Villa vs Everton  (Premier League)
2026-03-25 21:26:22,026  DEBUG     Processing: C:\repos\football-vault\matches\premier-league\2022-2023\20230820-west-ham-united-vs-chelsea.json
2026-03-25 21:26:22,026  INFO      CREATED match: id=1608  2023-08-20  West Ham United vs Chelsea  (Premier League)
2026-03-25 21:26:22,026  DEBUG     Processing: C:\repos\football-vault\matches\premier-league\2022-2023\20230821-crystal-palace-vs-arsenal.json
2026-03-25 21:26:22,026  INFO      CREATED match: id=1609  2023-08-21  Crystal Palace vs Arsenal  (Premier League)
2026-03-25 21:26:22,027  DEBUG     Processing: C:\repos\football-vault\matches\premier-league\2022-2023\20230825-chelsea-vs-luton-town.json
2026-03-25 21:26:22,027  INFO      CREATED match: id=1610  2023-08-25  Chelsea vs Luton Town  (Premier League)
2026-03-25 21:26:22,027  DEBUG     Processing: C:\repos\football-vault\matches\premier-league\2022-2023\20230826-afc-bournemouth-vs-tottenham-hotspur.json
2026-03-25 21:26:22,027  INFO      CREATED match: id=1611  2023-08-26  AFC Bournemouth vs Tottenham Hotspur  (Premier League)
2026-03-25 21:26:22,027  DEBUG     Processing: C:\repos\football-vault\matches\premier-league\2022-2023\20230826-arsenal-vs-fulham.json
2026-03-25 21:26:22,027  INFO      CREATED match: id=1612  2023-08-26  Arsenal vs Fulham  (Premier League)
2026-03-25 21:26:22,027  DEBUG     Processing: C:\repos\football-vault\matches\premier-league\2022-2023\20230826-brentford-vs-crystal-palace.json
2026-03-25 21:26:22,028  INFO      CREATED match: id=1613  2023-08-26  Brentford vs Crystal Palace  (Premier League)
2026-03-25 21:26:22,028  DEBUG     Processing: C:\repos\football-vault\matches\premier-league\2022-2023\20230826-brighton-and-hove-albion-vs-west-ham-united.json
2026-03-25 21:26:22,028  INFO      CREATED match: id=1614  2023-08-26  Brighton & Hove Albion vs West Ham United  (Premier League)
2026-03-25 21:26:22,028  DEBUG     Processing: C:\repos\football-vault\matches\premier-league\2022-2023\20230826-everton-vs-wolverhampton-wanderers.json
2026-03-25 21:26:22,028  INFO      CREATED match: id=1615  2023-08-26  Everton vs Wolverhampton Wanderers  (Premier League)
2026-03-25 21:26:22,028  DEBUG     Processing: C:\repos\football-vault\matches\premier-league\2022-2023\20230826-manchester-united-vs-nottingham-forest.json
2026-03-25 21:26:22,028  INFO      CREATED match: id=1616  2023-08-26  Manchester United vs Nottingham Forest  (Premier League)
2026-03-25 21:26:22,028  DEBUG     Processing: C:\repos\football-vault\matches\premier-league\2022-2023\20230827-burnley-vs-aston-villa.json
2026-03-25 21:26:22,029  INFO      CREATED match: id=1617  2023-08-27  Burnley vs Aston Villa  (Premier League)
2026-03-25 21:26:22,029  DEBUG     Processing: C:\repos\football-vault\matches\premier-league\2022-2023\20230827-newcastle-united-vs-liverpool.json
2026-03-25 21:26:22,029  INFO      CREATED match: id=1618  2023-08-27  Newcastle United vs Liverpool  (Premier League)
2026-03-25 21:26:22,029  DEBUG     Processing: C:\repos\football-vault\matches\premier-league\2022-2023\20230827-sheffield-united-vs-manchester-city.json
2026-03-25 21:26:22,029  INFO      CREATED match: id=1619  2023-08-27  Sheffield United vs Manchester City  (Premier League)
2026-03-25 21:26:22,031  INFO      ============================================================
2026-03-25 21:26:22,031  INFO      Import complete
2026-03-25 21:26:22,031  INFO        Files processed:       245
2026-03-25 21:26:22,031  INFO        Files skipped:         0
2026-03-25 21:26:22,031  INFO        Matches created:       245
2026-03-25 21:26:22,032  INFO        Matches already exist: 0
2026-03-25 21:26:22,032  INFO        Teams created:         0
2026-03-25 21:26:22,032  INFO      ============================================================
