2026-03-25 18:53:31,462  INFO      ============================================================
2026-03-25 18:53:31,463  INFO      Starting import: 211 file(s)
2026-03-25 18:53:31,463  INFO      ============================================================
2026-03-25 18:53:31,480  INFO      Loaded 34 competitions, 231 teams, 699 stadiums into cache
2026-03-25 18:53:31,482  DEBUG     Processing: C:\repos\football-vault\lineups\2023-2024\20240101-liverpool-vs-newcastle-united.json
2026-03-25 18:53:31,484  INFO      CREATED match: id=1003  2024-01-01  Liverpool vs Newcastle United  (Premier League)
2026-03-25 18:53:31,491  DEBUG     Processing: C:\repos\football-vault\lineups\2023-2024\20240102-west-ham-united-vs-brighton-and-hove-albion.json
2026-03-25 18:53:31,492  INFO      CREATED match: id=1004  2024-01-02  West Ham United vs Brighton And Hove Albion  (Premier League)
2026-03-25 18:53:31,494  DEBUG     Processing: C:\repos\football-vault\lineups\2023-2024\20240112-burnley-vs-luton-town.json
2026-03-25 18:53:31,494  INFO      CREATED match: id=1005  2024-01-12  Burnley vs Luton Town  (Premier League)
2026-03-25 18:53:31,496  DEBUG     Processing: C:\repos\football-vault\lineups\2023-2024\20240113-chelsea-vs-fulham.json
2026-03-25 18:53:31,497  INFO      CREATED match: id=1006  2024-01-13  Chelsea vs Fulham  (Premier League)
2026-03-25 18:53:31,499  DEBUG     Processing: C:\repos\football-vault\lineups\2023-2024\20240113-newcastle-united-vs-manchester-city.json
2026-03-25 18:53:31,500  DEBUG     Stadium not found by name: 'St. James' Park', falling back to home team stadium
2026-03-25 18:53:31,500  DEBUG     Using home team stadium_id=180 for 'St. James' Park'
2026-03-25 18:53:31,500  INFO      CREATED match: id=1007  2024-01-13  Newcastle United vs Manchester City  (Premier League)
2026-03-25 18:53:31,502  DEBUG     Processing: C:\repos\football-vault\lineups\2023-2024\20240114-everton-vs-aston-villa.json
2026-03-25 18:53:31,503  INFO      CREATED match: id=1008  2024-01-14  Everton vs Aston Villa  (Premier League)
2026-03-25 18:53:31,504  DEBUG     Processing: C:\repos\football-vault\lineups\2023-2024\20240114-manchester-united-vs-tottenham-hotspur.json
2026-03-25 18:53:31,505  INFO      CREATED match: id=1009  2024-01-14  Manchester United vs Tottenham Hotspur  (Premier League)
2026-03-25 18:53:31,506  DEBUG     Processing: C:\repos\football-vault\lineups\2023-2024\20240120-arsenal-vs-crystal-palace.json
2026-03-25 18:53:31,507  INFO      CREATED match: id=1010  2024-01-20  Arsenal vs Crystal Palace  (Premier League)
2026-03-25 18:53:31,509  DEBUG     Processing: C:\repos\football-vault\lineups\2023-2024\20240120-brentford-vs-nottingham-forest.json
2026-03-25 18:53:31,509  INFO      CREATED match: id=1011  2024-01-20  Brentford vs Nottingham Forest  (Premier League)
2026-03-25 18:53:31,511  DEBUG     Processing: C:\repos\football-vault\lineups\2023-2024\20240121-afc-bournemouth-vs-liverpool.json
2026-03-25 18:53:31,512  INFO      CREATED match: id=1012  2024-01-21  Afc Bournemouth vs Liverpool  (Premier League)
2026-03-25 18:53:31,513  DEBUG     Processing: C:\repos\football-vault\lineups\2023-2024\20240121-sheffield-united-vs-west-ham-united.json
2026-03-25 18:53:31,514  INFO      CREATED match: id=1013  2024-01-21  Sheffield United vs West Ham United  (Premier League)
2026-03-25 18:53:31,515  DEBUG     Processing: C:\repos\football-vault\lineups\2023-2024\20240122-brighton-and-hove-albion-vs-wolverhampton-wanderers.json
2026-03-25 18:53:31,516  DEBUG     Stadium not found by name: 'American Express Stadium', falling back to home team stadium
2026-03-25 18:53:31,516  DEBUG     Using home team stadium_id=181 for 'American Express Stadium'
2026-03-25 18:53:31,516  INFO      CREATED match: id=1014  2024-01-22  Brighton And Hove Albion vs Wolverhampton Wanderers  (Premier League)
2026-03-25 18:53:31,518  DEBUG     Processing: C:\repos\football-vault\lineups\2023-2024\20240130-aston-villa-vs-newcastle-united.json
2026-03-25 18:53:31,519  INFO      CREATED match: id=1015  2024-01-30  Aston Villa vs Newcastle United  (Premier League)
2026-03-25 18:53:31,521  DEBUG     Processing: C:\repos\football-vault\lineups\2023-2024\20240130-crystal-palace-vs-sheffield-united.json
2026-03-25 18:53:31,522  INFO      CREATED match: id=1016  2024-01-30  Crystal Palace vs Sheffield United  (Premier League)
2026-03-25 18:53:31,526  DEBUG     Processing: C:\repos\football-vault\lineups\2023-2024\20240130-fulham-vs-everton.json
2026-03-25 18:53:31,526  INFO      CREATED match: id=1017  2024-01-30  Fulham vs Everton  (Premier League)
2026-03-25 18:53:31,528  DEBUG     Processing: C:\repos\football-vault\lineups\2023-2024\20240130-luton-town-vs-brighton-and-hove-albion.json
2026-03-25 18:53:31,528  INFO      CREATED match: id=1018  2024-01-30  Luton Town vs Brighton And Hove Albion  (Premier League)
2026-03-25 18:53:31,530  DEBUG     Processing: C:\repos\football-vault\lineups\2023-2024\20240130-nottingham-forest-vs-arsenal.json
2026-03-25 18:53:31,530  DEBUG     Stadium not found by name: 'The City Ground', falling back to home team stadium
2026-03-25 18:53:31,531  DEBUG     Using home team stadium_id=493 for 'The City Ground'
2026-03-25 18:53:31,531  INFO      CREATED match: id=1019  2024-01-30  Nottingham Forest vs Arsenal  (Premier League)
2026-03-25 18:53:31,534  DEBUG     Processing: C:\repos\football-vault\lineups\2023-2024\20240131-liverpool-vs-chelsea.json
2026-03-25 18:53:31,535  INFO      CREATED match: id=1020  2024-01-31  Liverpool vs Chelsea  (Premier League)
2026-03-25 18:53:31,537  DEBUG     Processing: C:\repos\football-vault\lineups\2023-2024\20240131-manchester-city-vs-burnley.json
2026-03-25 18:53:31,537  INFO      CREATED match: id=1021  2024-01-31  Manchester City vs Burnley  (Premier League)
2026-03-25 18:53:31,539  DEBUG     Processing: C:\repos\football-vault\lineups\2023-2024\20240131-tottenham-hotspur-vs-brentford.json
2026-03-25 18:53:31,540  INFO      CREATED match: id=1022  2024-01-31  Tottenham Hotspur vs Brentford  (Premier League)
2026-03-25 18:53:31,541  DEBUG     Processing: C:\repos\football-vault\lineups\2023-2024\20240201-west-ham-united-vs-afc-bournemouth.json
2026-03-25 18:53:31,542  INFO      CREATED match: id=1023  2024-02-01  West Ham United vs Afc Bournemouth  (Premier League)
2026-03-25 18:53:31,543  DEBUG     Processing: C:\repos\football-vault\lineups\2023-2024\20240201-wolverhampton-wanderers-vs-manchester-united.json
2026-03-25 18:53:31,544  INFO      CREATED match: id=1024  2024-02-01  Wolverhampton Wanderers vs Manchester United  (Premier League)
2026-03-25 18:53:31,545  DEBUG     Processing: C:\repos\football-vault\lineups\2023-2024\20240203-brighton-and-hove-albion-vs-crystal-palace.json
2026-03-25 18:53:31,546  DEBUG     Stadium not found by name: 'American Express Stadium', falling back to home team stadium
2026-03-25 18:53:31,546  DEBUG     Using home team stadium_id=181 for 'American Express Stadium'
2026-03-25 18:53:31,546  INFO      CREATED match: id=1025  2024-02-03  Brighton And Hove Albion vs Crystal Palace  (Premier League)
2026-03-25 18:53:31,549  DEBUG     Processing: C:\repos\football-vault\lineups\2023-2024\20240203-burnley-vs-fulham.json
2026-03-25 18:53:31,549  INFO      CREATED match: id=1026  2024-02-03  Burnley vs Fulham  (Premier League)
2026-03-25 18:53:31,551  DEBUG     Processing: C:\repos\football-vault\lineups\2023-2024\20240203-everton-vs-tottenham-hotspur.json
2026-03-25 18:53:31,552  INFO      CREATED match: id=1027  2024-02-03  Everton vs Tottenham Hotspur  (Premier League)
2026-03-25 18:53:31,553  DEBUG     Processing: C:\repos\football-vault\lineups\2023-2024\20240203-newcastle-united-vs-luton-town.json
2026-03-25 18:53:31,554  DEBUG     Stadium not found by name: 'St. James' Park', falling back to home team stadium
2026-03-25 18:53:31,554  DEBUG     Using home team stadium_id=180 for 'St. James' Park'
2026-03-25 18:53:31,554  INFO      CREATED match: id=1028  2024-02-03  Newcastle United vs Luton Town  (Premier League)
2026-03-25 18:53:31,556  DEBUG     Processing: C:\repos\football-vault\lineups\2023-2024\20240203-sheffield-united-vs-aston-villa.json
2026-03-25 18:53:31,556  INFO      CREATED match: id=1029  2024-02-03  Sheffield United vs Aston Villa  (Premier League)
2026-03-25 18:53:31,558  DEBUG     Processing: C:\repos\football-vault\lineups\2023-2024\20240204-afc-bournemouth-vs-nottingham-forest.json
2026-03-25 18:53:31,559  INFO      CREATED match: id=1030  2024-02-04  Afc Bournemouth vs Nottingham Forest  (Premier League)
2026-03-25 18:53:31,560  DEBUG     Processing: C:\repos\football-vault\lineups\2023-2024\20240204-arsenal-vs-liverpool.json
2026-03-25 18:53:31,561  INFO      CREATED match: id=1031  2024-02-04  Arsenal vs Liverpool  (Premier League)
2026-03-25 18:53:31,562  DEBUG     Processing: C:\repos\football-vault\lineups\2023-2024\20240204-chelsea-vs-wolverhampton-wanderers.json
2026-03-25 18:53:31,563  INFO      CREATED match: id=1032  2024-02-04  Chelsea vs Wolverhampton Wanderers  (Premier League)
2026-03-25 18:53:31,565  DEBUG     Processing: C:\repos\football-vault\lineups\2023-2024\20240204-manchester-united-vs-west-ham-united.json
2026-03-25 18:53:31,566  INFO      CREATED match: id=1033  2024-02-04  Manchester United vs West Ham United  (Premier League)
2026-03-25 18:53:31,567  DEBUG     Processing: C:\repos\football-vault\lineups\2023-2024\20240205-brentford-vs-manchester-city.json
2026-03-25 18:53:31,568  INFO      CREATED match: id=1034  2024-02-05  Brentford vs Manchester City  (Premier League)
2026-03-25 18:53:31,569  DEBUG     Processing: C:\repos\football-vault\lineups\2023-2024\20240210-fulham-vs-afc-bournemouth.json
2026-03-25 18:53:31,570  INFO      CREATED match: id=1035  2024-02-10  Fulham vs Afc Bournemouth  (Premier League)
2026-03-25 18:53:31,571  DEBUG     Processing: C:\repos\football-vault\lineups\2023-2024\20240210-liverpool-vs-burnley.json
2026-03-25 18:53:31,572  INFO      CREATED match: id=1036  2024-02-10  Liverpool vs Burnley  (Premier League)
2026-03-25 18:53:31,573  DEBUG     Processing: C:\repos\football-vault\lineups\2023-2024\20240210-luton-town-vs-sheffield-united.json
2026-03-25 18:53:31,574  INFO      CREATED match: id=1037  2024-02-10  Luton Town vs Sheffield United  (Premier League)
2026-03-25 18:53:31,576  DEBUG     Processing: C:\repos\football-vault\lineups\2023-2024\20240210-manchester-city-vs-everton.json
2026-03-25 18:53:31,576  INFO      CREATED match: id=1038  2024-02-10  Manchester City vs Everton  (Premier League)
2026-03-25 18:53:31,578  DEBUG     Processing: C:\repos\football-vault\lineups\2023-2024\20240210-nottingham-forest-vs-newcastle-united.json
2026-03-25 18:53:31,578  DEBUG     Stadium not found by name: 'The City Ground', falling back to home team stadium
2026-03-25 18:53:31,579  DEBUG     Using home team stadium_id=493 for 'The City Ground'
2026-03-25 18:53:31,579  INFO      CREATED match: id=1039  2024-02-10  Nottingham Forest vs Newcastle United  (Premier League)
2026-03-25 18:53:31,581  DEBUG     Processing: C:\repos\football-vault\lineups\2023-2024\20240210-tottenham-hotspur-vs-brighton-and-hove-albion.json
2026-03-25 18:53:31,581  INFO      CREATED match: id=1040  2024-02-10  Tottenham Hotspur vs Brighton And Hove Albion  (Premier League)
2026-03-25 18:53:31,583  DEBUG     Processing: C:\repos\football-vault\lineups\2023-2024\20240210-wolverhampton-wanderers-vs-brentford.json
2026-03-25 18:53:31,584  INFO      CREATED match: id=1041  2024-02-10  Wolverhampton Wanderers vs Brentford  (Premier League)
2026-03-25 18:53:31,585  DEBUG     Processing: C:\repos\football-vault\lineups\2023-2024\20240211-aston-villa-vs-manchester-united.json
2026-03-25 18:53:31,586  INFO      CREATED match: id=1042  2024-02-11  Aston Villa vs Manchester United  (Premier League)
2026-03-25 18:53:31,587  DEBUG     Processing: C:\repos\football-vault\lineups\2023-2024\20240211-west-ham-united-vs-arsenal.json
2026-03-25 18:53:31,588  INFO      CREATED match: id=1043  2024-02-11  West Ham United vs Arsenal  (Premier League)
2026-03-25 18:53:31,589  DEBUG     Processing: C:\repos\football-vault\lineups\2023-2024\20240212-crystal-palace-vs-chelsea.json
2026-03-25 18:53:31,590  INFO      CREATED match: id=1044  2024-02-12  Crystal Palace vs Chelsea  (Premier League)
2026-03-25 18:53:31,592  DEBUG     Processing: C:\repos\football-vault\lineups\2023-2024\20240217-brentford-vs-liverpool.json
2026-03-25 18:53:31,592  INFO      CREATED match: id=1045  2024-02-17  Brentford vs Liverpool  (Premier League)
2026-03-25 18:53:31,594  DEBUG     Processing: C:\repos\football-vault\lineups\2023-2024\20240217-burnley-vs-arsenal.json
2026-03-25 18:53:31,595  INFO      CREATED match: id=1046  2024-02-17  Burnley vs Arsenal  (Premier League)
2026-03-25 18:53:31,596  DEBUG     Processing: C:\repos\football-vault\lineups\2023-2024\20240217-fulham-vs-aston-villa.json
2026-03-25 18:53:31,597  INFO      CREATED match: id=1047  2024-02-17  Fulham vs Aston Villa  (Premier League)
2026-03-25 18:53:31,598  DEBUG     Processing: C:\repos\football-vault\lineups\2023-2024\20240217-manchester-city-vs-chelsea.json
2026-03-25 18:53:31,599  INFO      CREATED match: id=1048  2024-02-17  Manchester City vs Chelsea  (Premier League)
2026-03-25 18:53:31,601  DEBUG     Processing: C:\repos\football-vault\lineups\2023-2024\20240217-newcastle-united-vs-afc-bournemouth.json
2026-03-25 18:53:31,601  DEBUG     Stadium not found by name: 'St. James' Park', falling back to home team stadium
2026-03-25 18:53:31,601  DEBUG     Using home team stadium_id=180 for 'St. James' Park'
2026-03-25 18:53:31,602  INFO      CREATED match: id=1049  2024-02-17  Newcastle United vs Afc Bournemouth  (Premier League)
2026-03-25 18:53:31,603  DEBUG     Processing: C:\repos\football-vault\lineups\2023-2024\20240217-nottingham-forest-vs-west-ham-united.json
2026-03-25 18:53:31,604  DEBUG     Stadium not found by name: 'The City Ground', falling back to home team stadium
2026-03-25 18:53:31,604  DEBUG     Using home team stadium_id=493 for 'The City Ground'
2026-03-25 18:53:31,604  INFO      CREATED match: id=1050  2024-02-17  Nottingham Forest vs West Ham United  (Premier League)
2026-03-25 18:53:31,606  DEBUG     Processing: C:\repos\football-vault\lineups\2023-2024\20240217-tottenham-hotspur-vs-wolverhampton-wanderers.json
2026-03-25 18:53:31,607  INFO      CREATED match: id=1051  2024-02-17  Tottenham Hotspur vs Wolverhampton Wanderers  (Premier League)
2026-03-25 18:53:31,609  DEBUG     Processing: C:\repos\football-vault\lineups\2023-2024\20240218-luton-town-vs-manchester-united.json
2026-03-25 18:53:31,609  INFO      CREATED match: id=1052  2024-02-18  Luton Town vs Manchester United  (Premier League)
2026-03-25 18:53:31,611  DEBUG     Processing: C:\repos\football-vault\lineups\2023-2024\20240218-sheffield-united-vs-brighton-and-hove-albion.json
2026-03-25 18:53:31,612  INFO      CREATED match: id=1053  2024-02-18  Sheffield United vs Brighton And Hove Albion  (Premier League)
2026-03-25 18:53:31,613  DEBUG     Processing: C:\repos\football-vault\lineups\2023-2024\20240219-everton-vs-crystal-palace.json
2026-03-25 18:53:31,614  INFO      CREATED match: id=1054  2024-02-19  Everton vs Crystal Palace  (Premier League)
2026-03-25 18:53:31,616  DEBUG     Processing: C:\repos\football-vault\lineups\2023-2024\20240220-manchester-city-vs-brentford.json
2026-03-25 18:53:31,616  INFO      CREATED match: id=1055  2024-02-20  Manchester City vs Brentford  (Premier League)
2026-03-25 18:53:31,618  DEBUG     Processing: C:\repos\football-vault\lineups\2023-2024\20240221-liverpool-vs-luton-town.json
2026-03-25 18:53:31,619  INFO      CREATED match: id=1056  2024-02-21  Liverpool vs Luton Town  (Premier League)
2026-03-25 18:53:31,620  DEBUG     Processing: C:\repos\football-vault\lineups\2023-2024\20240224-afc-bournemouth-vs-manchester-city.json
2026-03-25 18:53:31,621  INFO      CREATED match: id=1057  2024-02-24  Afc Bournemouth vs Manchester City  (Premier League)
2026-03-25 18:53:31,623  DEBUG     Processing: C:\repos\football-vault\lineups\2023-2024\20240224-arsenal-vs-newcastle-united.json
2026-03-25 18:53:31,624  INFO      CREATED match: id=1058  2024-02-24  Arsenal vs Newcastle United  (Premier League)
2026-03-25 18:53:31,626  DEBUG     Processing: C:\repos\football-vault\lineups\2023-2024\20240224-aston-villa-vs-nottingham-forest.json
2026-03-25 18:53:31,626  INFO      CREATED match: id=1059  2024-02-24  Aston Villa vs Nottingham Forest  (Premier League)
2026-03-25 18:53:31,628  DEBUG     Processing: C:\repos\football-vault\lineups\2023-2024\20240224-brighton-and-hove-albion-vs-everton.json
2026-03-25 18:53:31,628  DEBUG     Stadium not found by name: 'American Express Stadium', falling back to home team stadium
2026-03-25 18:53:31,628  DEBUG     Using home team stadium_id=181 for 'American Express Stadium'
2026-03-25 18:53:31,629  INFO      CREATED match: id=1060  2024-02-24  Brighton And Hove Albion vs Everton  (Premier League)
2026-03-25 18:53:31,630  DEBUG     Processing: C:\repos\football-vault\lineups\2023-2024\20240224-crystal-palace-vs-burnley.json
2026-03-25 18:53:31,631  INFO      CREATED match: id=1061  2024-02-24  Crystal Palace vs Burnley  (Premier League)
2026-03-25 18:53:31,633  DEBUG     Processing: C:\repos\football-vault\lineups\2023-2024\20240224-manchester-united-vs-fulham.json
2026-03-25 18:53:31,633  INFO      CREATED match: id=1062  2024-02-24  Manchester United vs Fulham  (Premier League)
2026-03-25 18:53:31,635  DEBUG     Processing: C:\repos\football-vault\lineups\2023-2024\20240225-wolverhampton-wanderers-vs-sheffield-united.json
2026-03-25 18:53:31,636  INFO      CREATED match: id=1063  2024-02-25  Wolverhampton Wanderers vs Sheffield United  (Premier League)
2026-03-25 18:53:31,638  DEBUG     Processing: C:\repos\football-vault\lineups\2023-2024\20240226-west-ham-united-vs-brentford.json
2026-03-25 18:53:31,639  INFO      CREATED match: id=1064  2024-02-26  West Ham United vs Brentford  (Premier League)
2026-03-25 18:53:31,640  DEBUG     Processing: C:\repos\football-vault\lineups\2023-2024\20240302-brentford-vs-chelsea.json
2026-03-25 18:53:31,641  INFO      CREATED match: id=1065  2024-03-02  Brentford vs Chelsea  (Premier League)
2026-03-25 18:53:31,642  DEBUG     Processing: C:\repos\football-vault\lineups\2023-2024\20240302-everton-vs-west-ham-united.json
2026-03-25 18:53:31,643  INFO      CREATED match: id=1066  2024-03-02  Everton vs West Ham United  (Premier League)
2026-03-25 18:53:31,645  DEBUG     Processing: C:\repos\football-vault\lineups\2023-2024\20240302-fulham-vs-brighton-and-hove-albion.json
2026-03-25 18:53:31,645  INFO      CREATED match: id=1067  2024-03-02  Fulham vs Brighton And Hove Albion  (Premier League)
2026-03-25 18:53:31,647  DEBUG     Processing: C:\repos\football-vault\lineups\2023-2024\20240302-luton-town-vs-aston-villa.json
2026-03-25 18:53:31,647  INFO      CREATED match: id=1068  2024-03-02  Luton Town vs Aston Villa  (Premier League)
2026-03-25 18:53:31,649  DEBUG     Processing: C:\repos\football-vault\lineups\2023-2024\20240302-newcastle-united-vs-wolverhampton-wanderers.json
2026-03-25 18:53:31,649  DEBUG     Stadium not found by name: 'St. James' Park', falling back to home team stadium
2026-03-25 18:53:31,650  DEBUG     Using home team stadium_id=180 for 'St. James' Park'
2026-03-25 18:53:31,650  INFO      CREATED match: id=1069  2024-03-02  Newcastle United vs Wolverhampton Wanderers  (Premier League)
2026-03-25 18:53:31,651  DEBUG     Processing: C:\repos\football-vault\lineups\2023-2024\20240302-nottingham-forest-vs-liverpool.json
2026-03-25 18:53:31,652  DEBUG     Stadium not found by name: 'The City Ground', falling back to home team stadium
2026-03-25 18:53:31,652  DEBUG     Using home team stadium_id=493 for 'The City Ground'
2026-03-25 18:53:31,652  INFO      CREATED match: id=1070  2024-03-02  Nottingham Forest vs Liverpool  (Premier League)
2026-03-25 18:53:31,654  DEBUG     Processing: C:\repos\football-vault\lineups\2023-2024\20240302-tottenham-hotspur-vs-crystal-palace.json
2026-03-25 18:53:31,654  INFO      CREATED match: id=1071  2024-03-02  Tottenham Hotspur vs Crystal Palace  (Premier League)
2026-03-25 18:53:31,656  DEBUG     Processing: C:\repos\football-vault\lineups\2023-2024\20240303-burnley-vs-afc-bournemouth.json
2026-03-25 18:53:31,657  INFO      CREATED match: id=1072  2024-03-03  Burnley vs Afc Bournemouth  (Premier League)
2026-03-25 18:53:31,658  DEBUG     Processing: C:\repos\football-vault\lineups\2023-2024\20240303-manchester-city-vs-manchester-united.json
2026-03-25 18:53:31,659  INFO      CREATED match: id=1073  2024-03-03  Manchester City vs Manchester United  (Premier League)
2026-03-25 18:53:31,661  DEBUG     Processing: C:\repos\football-vault\lineups\2023-2024\20240304-sheffield-united-vs-arsenal.json
2026-03-25 18:53:31,661  INFO      CREATED match: id=1074  2024-03-04  Sheffield United vs Arsenal  (Premier League)
2026-03-25 18:53:31,663  DEBUG     Processing: C:\repos\football-vault\lineups\2023-2024\20240309-afc-bournemouth-vs-sheffield-united.json
2026-03-25 18:53:31,663  INFO      CREATED match: id=1075  2024-03-09  Afc Bournemouth vs Sheffield United  (Premier League)
2026-03-25 18:53:31,665  DEBUG     Processing: C:\repos\football-vault\lineups\2023-2024\20240309-arsenal-vs-brentford.json
2026-03-25 18:53:31,666  INFO      CREATED match: id=1076  2024-03-09  Arsenal vs Brentford  (Premier League)
2026-03-25 18:53:31,667  DEBUG     Processing: C:\repos\football-vault\lineups\2023-2024\20240309-crystal-palace-vs-luton-town.json
2026-03-25 18:53:31,668  INFO      CREATED match: id=1077  2024-03-09  Crystal Palace vs Luton Town  (Premier League)
2026-03-25 18:53:31,670  DEBUG     Processing: C:\repos\football-vault\lineups\2023-2024\20240309-manchester-united-vs-everton.json
2026-03-25 18:53:31,670  INFO      CREATED match: id=1078  2024-03-09  Manchester United vs Everton  (Premier League)
2026-03-25 18:53:31,673  DEBUG     Processing: C:\repos\football-vault\lineups\2023-2024\20240309-wolverhampton-wanderers-vs-fulham.json
2026-03-25 18:53:31,673  INFO      CREATED match: id=1079  2024-03-09  Wolverhampton Wanderers vs Fulham  (Premier League)
2026-03-25 18:53:31,675  DEBUG     Processing: C:\repos\football-vault\lineups\2023-2024\20240310-aston-villa-vs-tottenham-hotspur.json
2026-03-25 18:53:31,675  INFO      CREATED match: id=1080  2024-03-10  Aston Villa vs Tottenham Hotspur  (Premier League)
2026-03-25 18:53:31,677  DEBUG     Processing: C:\repos\football-vault\lineups\2023-2024\20240310-brighton-and-hove-albion-vs-nottingham-forest.json
2026-03-25 18:53:31,678  DEBUG     Stadium not found by name: 'American Express Stadium', falling back to home team stadium
2026-03-25 18:53:31,678  DEBUG     Using home team stadium_id=181 for 'American Express Stadium'
2026-03-25 18:53:31,678  INFO      CREATED match: id=1081  2024-03-10  Brighton And Hove Albion vs Nottingham Forest  (Premier League)
2026-03-25 18:53:31,680  DEBUG     Processing: C:\repos\football-vault\lineups\2023-2024\20240310-liverpool-vs-manchester-city.json
2026-03-25 18:53:31,680  INFO      CREATED match: id=1082  2024-03-10  Liverpool vs Manchester City  (Premier League)
2026-03-25 18:53:31,682  DEBUG     Processing: C:\repos\football-vault\lineups\2023-2024\20240310-west-ham-united-vs-burnley.json
2026-03-25 18:53:31,683  INFO      CREATED match: id=1083  2024-03-10  West Ham United vs Burnley  (Premier League)
2026-03-25 18:53:31,685  DEBUG     Processing: C:\repos\football-vault\lineups\2023-2024\20240311-chelsea-vs-newcastle-united.json
2026-03-25 18:53:31,686  INFO      CREATED match: id=1084  2024-03-11  Chelsea vs Newcastle United  (Premier League)
2026-03-25 18:53:31,687  DEBUG     Processing: C:\repos\football-vault\lineups\2023-2024\20240313-afc-bournemouth-vs-luton-town.json
2026-03-25 18:53:31,688  INFO      CREATED match: id=1085  2024-03-13  Afc Bournemouth vs Luton Town  (Premier League)
2026-03-25 18:53:31,690  DEBUG     Processing: C:\repos\football-vault\lineups\2023-2024\20240316-burnley-vs-brentford.json
2026-03-25 18:53:31,690  INFO      CREATED match: id=1086  2024-03-16  Burnley vs Brentford  (Premier League)
2026-03-25 18:53:31,692  DEBUG     Processing: C:\repos\football-vault\lineups\2023-2024\20240316-fulham-vs-tottenham-hotspur.json
2026-03-25 18:53:31,693  INFO      CREATED match: id=1087  2024-03-16  Fulham vs Tottenham Hotspur  (Premier League)
2026-03-25 18:53:31,694  DEBUG     Processing: C:\repos\football-vault\lineups\2023-2024\20240316-luton-town-vs-nottingham-forest.json
2026-03-25 18:53:31,695  INFO      CREATED match: id=1088  2024-03-16  Luton Town vs Nottingham Forest  (Premier League)
2026-03-25 18:53:31,697  DEBUG     Processing: C:\repos\football-vault\lineups\2023-2024\20240317-west-ham-united-vs-aston-villa.json
2026-03-25 18:53:31,697  INFO      CREATED match: id=1089  2024-03-17  West Ham United vs Aston Villa  (Premier League)
2026-03-25 18:53:31,699  DEBUG     Processing: C:\repos\football-vault\lineups\2023-2024\20240330-afc-bournemouth-vs-everton.json
2026-03-25 18:53:31,699  INFO      CREATED match: id=1090  2024-03-30  Afc Bournemouth vs Everton  (Premier League)
2026-03-25 18:53:31,701  DEBUG     Processing: C:\repos\football-vault\lineups\2023-2024\20240330-aston-villa-vs-wolverhampton-wanderers.json
2026-03-25 18:53:31,702  INFO      CREATED match: id=1091  2024-03-30  Aston Villa vs Wolverhampton Wanderers  (Premier League)
2026-03-25 18:53:31,703  DEBUG     Processing: C:\repos\football-vault\lineups\2023-2024\20240330-brentford-vs-manchester-united.json
2026-03-25 18:53:31,704  INFO      CREATED match: id=1092  2024-03-30  Brentford vs Manchester United  (Premier League)
2026-03-25 18:53:31,706  DEBUG     Processing: C:\repos\football-vault\lineups\2023-2024\20240330-chelsea-vs-burnley.json
2026-03-25 18:53:31,706  INFO      CREATED match: id=1093  2024-03-30  Chelsea vs Burnley  (Premier League)
2026-03-25 18:53:31,708  DEBUG     Processing: C:\repos\football-vault\lineups\2023-2024\20240330-newcastle-united-vs-west-ham-united.json
2026-03-25 18:53:31,709  DEBUG     Stadium not found by name: 'St. James' Park', falling back to home team stadium
2026-03-25 18:53:31,709  DEBUG     Using home team stadium_id=180 for 'St. James' Park'
2026-03-25 18:53:31,709  INFO      CREATED match: id=1094  2024-03-30  Newcastle United vs West Ham United  (Premier League)
2026-03-25 18:53:31,710  DEBUG     Processing: C:\repos\football-vault\lineups\2023-2024\20240330-nottingham-forest-vs-crystal-palace.json
2026-03-25 18:53:31,711  DEBUG     Stadium not found by name: 'The City Ground', falling back to home team stadium
2026-03-25 18:53:31,711  DEBUG     Using home team stadium_id=493 for 'The City Ground'
2026-03-25 18:53:31,711  INFO      CREATED match: id=1095  2024-03-30  Nottingham Forest vs Crystal Palace  (Premier League)
2026-03-25 18:53:31,713  DEBUG     Processing: C:\repos\football-vault\lineups\2023-2024\20240330-sheffield-united-vs-fulham.json
2026-03-25 18:53:31,713  INFO      CREATED match: id=1096  2024-03-30  Sheffield United vs Fulham  (Premier League)
2026-03-25 18:53:31,715  DEBUG     Processing: C:\repos\football-vault\lineups\2023-2024\20240330-tottenham-hotspur-vs-luton-town.json
2026-03-25 18:53:31,716  INFO      CREATED match: id=1097  2024-03-30  Tottenham Hotspur vs Luton Town  (Premier League)
2026-03-25 18:53:31,718  DEBUG     Processing: C:\repos\football-vault\lineups\2023-2024\20240331-liverpool-vs-brighton-and-hove-albion.json
2026-03-25 18:53:31,719  INFO      CREATED match: id=1098  2024-03-31  Liverpool vs Brighton And Hove Albion  (Premier League)
2026-03-25 18:53:31,720  DEBUG     Processing: C:\repos\football-vault\lineups\2023-2024\20240331-manchester-city-vs-arsenal.json
2026-03-25 18:53:31,721  INFO      CREATED match: id=1099  2024-03-31  Manchester City vs Arsenal  (Premier League)
2026-03-25 18:53:31,723  DEBUG     Processing: C:\repos\football-vault\lineups\2023-2024\20240402-afc-bournemouth-vs-crystal-palace.json
2026-03-25 18:53:31,724  INFO      CREATED match: id=1100  2024-04-02  Afc Bournemouth vs Crystal Palace  (Premier League)
2026-03-25 18:53:31,725  DEBUG     Processing: C:\repos\football-vault\lineups\2023-2024\20240402-burnley-vs-wolverhampton-wanderers.json
2026-03-25 18:53:31,726  INFO      CREATED match: id=1101  2024-04-02  Burnley vs Wolverhampton Wanderers  (Premier League)
2026-03-25 18:53:31,728  DEBUG     Processing: C:\repos\football-vault\lineups\2023-2024\20240402-newcastle-united-vs-everton.json
2026-03-25 18:53:31,728  DEBUG     Stadium not found by name: 'St. James' Park', falling back to home team stadium
2026-03-25 18:53:31,728  DEBUG     Using home team stadium_id=180 for 'St. James' Park'
2026-03-25 18:53:31,729  INFO      CREATED match: id=1102  2024-04-02  Newcastle United vs Everton  (Premier League)
2026-03-25 18:53:31,730  DEBUG     Processing: C:\repos\football-vault\lineups\2023-2024\20240402-nottingham-forest-vs-fulham.json
2026-03-25 18:53:31,731  DEBUG     Stadium not found by name: 'The City Ground', falling back to home team stadium
2026-03-25 18:53:31,731  DEBUG     Using home team stadium_id=493 for 'The City Ground'
2026-03-25 18:53:31,731  INFO      CREATED match: id=1103  2024-04-02  Nottingham Forest vs Fulham  (Premier League)
2026-03-25 18:53:31,733  DEBUG     Processing: C:\repos\football-vault\lineups\2023-2024\20240402-west-ham-united-vs-tottenham-hotspur.json
2026-03-25 18:53:31,733  INFO      CREATED match: id=1104  2024-04-02  West Ham United vs Tottenham Hotspur  (Premier League)
2026-03-25 18:53:31,735  DEBUG     Processing: C:\repos\football-vault\lineups\2023-2024\20240403-arsenal-vs-luton-town.json
2026-03-25 18:53:31,736  INFO      CREATED match: id=1105  2024-04-03  Arsenal vs Luton Town  (Premier League)
2026-03-25 18:53:31,737  DEBUG     Processing: C:\repos\football-vault\lineups\2023-2024\20240403-brentford-vs-brighton-and-hove-albion.json
2026-03-25 18:53:31,738  INFO      CREATED match: id=1106  2024-04-03  Brentford vs Brighton And Hove Albion  (Premier League)
2026-03-25 18:53:31,740  DEBUG     Processing: C:\repos\football-vault\lineups\2023-2024\20240403-manchester-city-vs-aston-villa.json
2026-03-25 18:53:31,740  INFO      CREATED match: id=1107  2024-04-03  Manchester City vs Aston Villa  (Premier League)
2026-03-25 18:53:31,742  DEBUG     Processing: C:\repos\football-vault\lineups\2023-2024\20240404-chelsea-vs-manchester-united.json
2026-03-25 18:53:31,742  INFO      CREATED match: id=1108  2024-04-04  Chelsea vs Manchester United  (Premier League)
2026-03-25 18:53:31,744  DEBUG     Processing: C:\repos\football-vault\lineups\2023-2024\20240404-liverpool-vs-sheffield-united.json
2026-03-25 18:53:31,745  INFO      CREATED match: id=1109  2024-04-04  Liverpool vs Sheffield United  (Premier League)
2026-03-25 18:53:31,746  DEBUG     Processing: C:\repos\football-vault\lineups\2023-2024\20240406-aston-villa-vs-brentford.json
2026-03-25 18:53:31,747  INFO      CREATED match: id=1110  2024-04-06  Aston Villa vs Brentford  (Premier League)
2026-03-25 18:53:31,749  DEBUG     Processing: C:\repos\football-vault\lineups\2023-2024\20240406-brighton-and-hove-albion-vs-arsenal.json
2026-03-25 18:53:31,749  DEBUG     Stadium not found by name: 'American Express Stadium', falling back to home team stadium
2026-03-25 18:53:31,749  DEBUG     Using home team stadium_id=181 for 'American Express Stadium'
2026-03-25 18:53:31,750  INFO      CREATED match: id=1111  2024-04-06  Brighton And Hove Albion vs Arsenal  (Premier League)
2026-03-25 18:53:31,751  DEBUG     Processing: C:\repos\football-vault\lineups\2023-2024\20240406-crystal-palace-vs-manchester-city.json
2026-03-25 18:53:31,752  INFO      CREATED match: id=1112  2024-04-06  Crystal Palace vs Manchester City  (Premier League)
2026-03-25 18:53:31,754  DEBUG     Processing: C:\repos\football-vault\lineups\2023-2024\20240406-everton-vs-burnley.json
2026-03-25 18:53:31,754  INFO      CREATED match: id=1113  2024-04-06  Everton vs Burnley  (Premier League)
2026-03-25 18:53:31,757  DEBUG     Processing: C:\repos\football-vault\lineups\2023-2024\20240406-fulham-vs-newcastle-united.json
2026-03-25 18:53:31,758  INFO      CREATED match: id=1114  2024-04-06  Fulham vs Newcastle United  (Premier League)
2026-03-25 18:53:31,762  DEBUG     Processing: C:\repos\football-vault\lineups\2023-2024\20240406-luton-town-vs-afc-bournemouth.json
2026-03-25 18:53:31,762  INFO      CREATED match: id=1115  2024-04-06  Luton Town vs Afc Bournemouth  (Premier League)
2026-03-25 18:53:31,765  DEBUG     Processing: C:\repos\football-vault\lineups\2023-2024\20240406-wolverhampton-wanderers-vs-west-ham-united.json
2026-03-25 18:53:31,766  INFO      CREATED match: id=1116  2024-04-06  Wolverhampton Wanderers vs West Ham United  (Premier League)
2026-03-25 18:53:31,768  DEBUG     Processing: C:\repos\football-vault\lineups\2023-2024\20240407-manchester-united-vs-liverpool.json
2026-03-25 18:53:31,769  INFO      CREATED match: id=1117  2024-04-07  Manchester United vs Liverpool  (Premier League)
2026-03-25 18:53:31,770  DEBUG     Processing: C:\repos\football-vault\lineups\2023-2024\20240407-sheffield-united-vs-chelsea.json
2026-03-25 18:53:31,771  INFO      CREATED match: id=1118  2024-04-07  Sheffield United vs Chelsea  (Premier League)
2026-03-25 18:53:31,773  DEBUG     Processing: C:\repos\football-vault\lineups\2023-2024\20240407-tottenham-hotspur-vs-nottingham-forest.json
2026-03-25 18:53:31,773  INFO      CREATED match: id=1119  2024-04-07  Tottenham Hotspur vs Nottingham Forest  (Premier League)
2026-03-25 18:53:31,775  DEBUG     Processing: C:\repos\football-vault\lineups\2023-2024\20240413-afc-bournemouth-vs-manchester-united.json
2026-03-25 18:53:31,776  INFO      CREATED match: id=1120  2024-04-13  Afc Bournemouth vs Manchester United  (Premier League)
2026-03-25 18:53:31,777  DEBUG     Processing: C:\repos\football-vault\lineups\2023-2024\20240413-brentford-vs-sheffield-united.json
2026-03-25 18:53:31,778  INFO      CREATED match: id=1121  2024-04-13  Brentford vs Sheffield United  (Premier League)
2026-03-25 18:53:31,780  DEBUG     Processing: C:\repos\football-vault\lineups\2023-2024\20240413-burnley-vs-brighton-and-hove-albion.json
2026-03-25 18:53:31,780  INFO      CREATED match: id=1122  2024-04-13  Burnley vs Brighton And Hove Albion  (Premier League)
2026-03-25 18:53:31,784  DEBUG     Processing: C:\repos\football-vault\lineups\2023-2024\20240413-manchester-city-vs-luton-town.json
2026-03-25 18:53:31,784  INFO      CREATED match: id=1123  2024-04-13  Manchester City vs Luton Town  (Premier League)
2026-03-25 18:53:31,786  DEBUG     Processing: C:\repos\football-vault\lineups\2023-2024\20240413-newcastle-united-vs-tottenham-hotspur.json
2026-03-25 18:53:31,787  DEBUG     Stadium not found by name: 'St. James' Park', falling back to home team stadium
2026-03-25 18:53:31,787  DEBUG     Using home team stadium_id=180 for 'St. James' Park'
2026-03-25 18:53:31,787  INFO      CREATED match: id=1124  2024-04-13  Newcastle United vs Tottenham Hotspur  (Premier League)
2026-03-25 18:53:31,789  DEBUG     Processing: C:\repos\football-vault\lineups\2023-2024\20240413-nottingham-forest-vs-wolverhampton-wanderers.json
2026-03-25 18:53:31,790  DEBUG     Stadium not found by name: 'The City Ground', falling back to home team stadium
2026-03-25 18:53:31,790  DEBUG     Using home team stadium_id=493 for 'The City Ground'
2026-03-25 18:53:31,790  INFO      CREATED match: id=1125  2024-04-13  Nottingham Forest vs Wolverhampton Wanderers  (Premier League)
2026-03-25 18:53:31,792  DEBUG     Processing: C:\repos\football-vault\lineups\2023-2024\20240414-arsenal-vs-aston-villa.json
2026-03-25 18:53:31,792  INFO      CREATED match: id=1126  2024-04-14  Arsenal vs Aston Villa  (Premier League)
2026-03-25 18:53:31,794  DEBUG     Processing: C:\repos\football-vault\lineups\2023-2024\20240414-liverpool-vs-crystal-palace.json
2026-03-25 18:53:31,795  INFO      CREATED match: id=1127  2024-04-14  Liverpool vs Crystal Palace  (Premier League)
2026-03-25 18:53:31,796  DEBUG     Processing: C:\repos\football-vault\lineups\2023-2024\20240414-west-ham-united-vs-fulham.json
2026-03-25 18:53:31,797  INFO      CREATED match: id=1128  2024-04-14  West Ham United vs Fulham  (Premier League)
2026-03-25 18:53:31,799  DEBUG     Processing: C:\repos\football-vault\lineups\2023-2024\20240415-chelsea-vs-everton.json
2026-03-25 18:53:31,800  INFO      CREATED match: id=1129  2024-04-15  Chelsea vs Everton  (Premier League)
2026-03-25 18:53:31,801  DEBUG     Processing: C:\repos\football-vault\lineups\2023-2024\20240420-luton-town-vs-brentford.json
2026-03-25 18:53:31,802  INFO      CREATED match: id=1130  2024-04-20  Luton Town vs Brentford  (Premier League)
2026-03-25 18:53:31,804  DEBUG     Processing: C:\repos\football-vault\lineups\2023-2024\20240420-sheffield-united-vs-burnley.json
2026-03-25 18:53:31,804  INFO      CREATED match: id=1131  2024-04-20  Sheffield United vs Burnley  (Premier League)
2026-03-25 18:53:31,806  DEBUG     Processing: C:\repos\football-vault\lineups\2023-2024\20240420-wolverhampton-wanderers-vs-arsenal.json
2026-03-25 18:53:31,807  INFO      CREATED match: id=1132  2024-04-20  Wolverhampton Wanderers vs Arsenal  (Premier League)
2026-03-25 18:53:31,808  DEBUG     Processing: C:\repos\football-vault\lineups\2023-2024\20240421-aston-villa-vs-afc-bournemouth.json
2026-03-25 18:53:31,809  INFO      CREATED match: id=1133  2024-04-21  Aston Villa vs Afc Bournemouth  (Premier League)
2026-03-25 18:53:31,811  DEBUG     Processing: C:\repos\football-vault\lineups\2023-2024\20240421-crystal-palace-vs-west-ham-united.json
2026-03-25 18:53:31,811  INFO      CREATED match: id=1134  2024-04-21  Crystal Palace vs West Ham United  (Premier League)
2026-03-25 18:53:31,813  DEBUG     Processing: C:\repos\football-vault\lineups\2023-2024\20240421-everton-vs-nottingham-forest.json
2026-03-25 18:53:31,814  INFO      CREATED match: id=1135  2024-04-21  Everton vs Nottingham Forest  (Premier League)
2026-03-25 18:53:31,816  DEBUG     Processing: C:\repos\football-vault\lineups\2023-2024\20240421-fulham-vs-liverpool.json
2026-03-25 18:53:31,817  INFO      CREATED match: id=1136  2024-04-21  Fulham vs Liverpool  (Premier League)
2026-03-25 18:53:31,818  DEBUG     Processing: C:\repos\football-vault\lineups\2023-2024\20240423-arsenal-vs-chelsea.json
2026-03-25 18:53:31,819  INFO      CREATED match: id=1137  2024-04-23  Arsenal vs Chelsea  (Premier League)
2026-03-25 18:53:31,821  DEBUG     Processing: C:\repos\football-vault\lineups\2023-2024\20240424-crystal-palace-vs-newcastle-united.json
2026-03-25 18:53:31,822  INFO      CREATED match: id=1138  2024-04-24  Crystal Palace vs Newcastle United  (Premier League)
2026-03-25 18:53:31,823  DEBUG     Processing: C:\repos\football-vault\lineups\2023-2024\20240424-everton-vs-liverpool.json
2026-03-25 18:53:31,824  INFO      CREATED match: id=1139  2024-04-24  Everton vs Liverpool  (Premier League)
2026-03-25 18:53:31,826  DEBUG     Processing: C:\repos\football-vault\lineups\2023-2024\20240424-manchester-united-vs-sheffield-united.json
2026-03-25 18:53:31,826  INFO      CREATED match: id=1140  2024-04-24  Manchester United vs Sheffield United  (Premier League)
2026-03-25 18:53:31,828  DEBUG     Processing: C:\repos\football-vault\lineups\2023-2024\20240424-wolverhampton-wanderers-vs-afc-bournemouth.json
2026-03-25 18:53:31,829  INFO      CREATED match: id=1141  2024-04-24  Wolverhampton Wanderers vs Afc Bournemouth  (Premier League)
2026-03-25 18:53:31,830  DEBUG     Processing: C:\repos\football-vault\lineups\2023-2024\20240425-brighton-and-hove-albion-vs-manchester-city.json
2026-03-25 18:53:31,831  DEBUG     Stadium not found by name: 'American Express Stadium', falling back to home team stadium
2026-03-25 18:53:31,831  DEBUG     Using home team stadium_id=181 for 'American Express Stadium'
2026-03-25 18:53:31,831  INFO      CREATED match: id=1142  2024-04-25  Brighton And Hove Albion vs Manchester City  (Premier League)
2026-03-25 18:53:31,833  DEBUG     Processing: C:\repos\football-vault\lineups\2023-2024\20240427-aston-villa-vs-chelsea.json
2026-03-25 18:53:31,833  INFO      CREATED match: id=1143  2024-04-27  Aston Villa vs Chelsea  (Premier League)
2026-03-25 18:53:31,835  DEBUG     Processing: C:\repos\football-vault\lineups\2023-2024\20240427-everton-vs-brentford.json
2026-03-25 18:53:31,836  INFO      CREATED match: id=1144  2024-04-27  Everton vs Brentford  (Premier League)
2026-03-25 18:53:31,838  DEBUG     Processing: C:\repos\football-vault\lineups\2023-2024\20240427-fulham-vs-crystal-palace.json
2026-03-25 18:53:31,838  INFO      CREATED match: id=1145  2024-04-27  Fulham vs Crystal Palace  (Premier League)
2026-03-25 18:53:31,840  DEBUG     Processing: C:\repos\football-vault\lineups\2023-2024\20240427-manchester-united-vs-burnley.json
2026-03-25 18:53:31,841  INFO      CREATED match: id=1146  2024-04-27  Manchester United vs Burnley  (Premier League)
2026-03-25 18:53:31,842  DEBUG     Processing: C:\repos\football-vault\lineups\2023-2024\20240427-newcastle-united-vs-sheffield-united.json
2026-03-25 18:53:31,843  DEBUG     Stadium not found by name: 'St. James' Park', falling back to home team stadium
2026-03-25 18:53:31,843  DEBUG     Using home team stadium_id=180 for 'St. James' Park'
2026-03-25 18:53:31,843  INFO      CREATED match: id=1147  2024-04-27  Newcastle United vs Sheffield United  (Premier League)
2026-03-25 18:53:31,845  DEBUG     Processing: C:\repos\football-vault\lineups\2023-2024\20240427-west-ham-united-vs-liverpool.json
2026-03-25 18:53:31,845  INFO      CREATED match: id=1148  2024-04-27  West Ham United vs Liverpool  (Premier League)
2026-03-25 18:53:31,847  DEBUG     Processing: C:\repos\football-vault\lineups\2023-2024\20240427-wolverhampton-wanderers-vs-luton-town.json
2026-03-25 18:53:31,848  INFO      CREATED match: id=1149  2024-04-27  Wolverhampton Wanderers vs Luton Town  (Premier League)
2026-03-25 18:53:31,849  DEBUG     Processing: C:\repos\football-vault\lineups\2023-2024\20240428-afc-bournemouth-vs-brighton-and-hove-albion.json
2026-03-25 18:53:31,850  INFO      CREATED match: id=1150  2024-04-28  Afc Bournemouth vs Brighton And Hove Albion  (Premier League)
2026-03-25 18:53:31,852  DEBUG     Processing: C:\repos\football-vault\lineups\2023-2024\20240428-nottingham-forest-vs-manchester-city.json
2026-03-25 18:53:31,853  DEBUG     Stadium not found by name: 'The City Ground', falling back to home team stadium
2026-03-25 18:53:31,853  DEBUG     Using home team stadium_id=493 for 'The City Ground'
2026-03-25 18:53:31,853  INFO      CREATED match: id=1151  2024-04-28  Nottingham Forest vs Manchester City  (Premier League)
2026-03-25 18:53:31,855  DEBUG     Processing: C:\repos\football-vault\lineups\2023-2024\20240428-tottenham-hotspur-vs-arsenal.json
2026-03-25 18:53:31,855  INFO      CREATED match: id=1152  2024-04-28  Tottenham Hotspur vs Arsenal  (Premier League)
2026-03-25 18:53:31,857  DEBUG     Processing: C:\repos\football-vault\lineups\2023-2024\20240502-chelsea-vs-tottenham-hotspur.json
2026-03-25 18:53:31,858  INFO      CREATED match: id=1153  2024-05-02  Chelsea vs Tottenham Hotspur  (Premier League)
2026-03-25 18:53:31,860  DEBUG     Processing: C:\repos\football-vault\lineups\2023-2024\20240503-luton-town-vs-everton.json
2026-03-25 18:53:31,860  INFO      CREATED match: id=1154  2024-05-03  Luton Town vs Everton  (Premier League)
2026-03-25 18:53:31,862  DEBUG     Processing: C:\repos\football-vault\lineups\2023-2024\20240504-arsenal-vs-afc-bournemouth.json
2026-03-25 18:53:31,863  INFO      CREATED match: id=1155  2024-05-04  Arsenal vs Afc Bournemouth  (Premier League)
2026-03-25 18:53:31,865  DEBUG     Processing: C:\repos\football-vault\lineups\2023-2024\20240504-brentford-vs-fulham.json
2026-03-25 18:53:31,865  INFO      CREATED match: id=1156  2024-05-04  Brentford vs Fulham  (Premier League)
2026-03-25 18:53:31,867  DEBUG     Processing: C:\repos\football-vault\lineups\2023-2024\20240504-burnley-vs-newcastle-united.json
2026-03-25 18:53:31,868  INFO      CREATED match: id=1157  2024-05-04  Burnley vs Newcastle United  (Premier League)
2026-03-25 18:53:31,870  DEBUG     Processing: C:\repos\football-vault\lineups\2023-2024\20240504-manchester-city-vs-wolverhampton-wanderers.json
2026-03-25 18:53:31,870  INFO      CREATED match: id=1158  2024-05-04  Manchester City vs Wolverhampton Wanderers  (Premier League)
2026-03-25 18:53:31,872  DEBUG     Processing: C:\repos\football-vault\lineups\2023-2024\20240504-sheffield-united-vs-nottingham-forest.json
2026-03-25 18:53:31,873  INFO      CREATED match: id=1159  2024-05-04  Sheffield United vs Nottingham Forest  (Premier League)
2026-03-25 18:53:31,875  DEBUG     Processing: C:\repos\football-vault\lineups\2023-2024\20240505-brighton-and-hove-albion-vs-aston-villa.json
2026-03-25 18:53:31,875  DEBUG     Stadium not found by name: 'American Express Stadium', falling back to home team stadium
2026-03-25 18:53:31,876  DEBUG     Using home team stadium_id=181 for 'American Express Stadium'
2026-03-25 18:53:31,876  INFO      CREATED match: id=1160  2024-05-05  Brighton And Hove Albion vs Aston Villa  (Premier League)
2026-03-25 18:53:31,878  DEBUG     Processing: C:\repos\football-vault\lineups\2023-2024\20240505-chelsea-vs-west-ham-united.json
2026-03-25 18:53:31,878  INFO      CREATED match: id=1161  2024-05-05  Chelsea vs West Ham United  (Premier League)
2026-03-25 18:53:31,880  DEBUG     Processing: C:\repos\football-vault\lineups\2023-2024\20240505-liverpool-vs-tottenham-hotspur.json
2026-03-25 18:53:31,881  INFO      CREATED match: id=1162  2024-05-05  Liverpool vs Tottenham Hotspur  (Premier League)
2026-03-25 18:53:31,883  DEBUG     Processing: C:\repos\football-vault\lineups\2023-2024\20240506-crystal-palace-vs-manchester-united.json
2026-03-25 18:53:31,883  INFO      CREATED match: id=1163  2024-05-06  Crystal Palace vs Manchester United  (Premier League)
2026-03-25 18:53:31,885  DEBUG     Processing: C:\repos\football-vault\lineups\2023-2024\20240511-afc-bournemouth-vs-brentford.json
2026-03-25 18:53:31,886  INFO      CREATED match: id=1164  2024-05-11  Afc Bournemouth vs Brentford  (Premier League)
2026-03-25 18:53:31,888  DEBUG     Processing: C:\repos\football-vault\lineups\2023-2024\20240511-everton-vs-sheffield-united.json
2026-03-25 18:53:31,889  INFO      CREATED match: id=1165  2024-05-11  Everton vs Sheffield United  (Premier League)
2026-03-25 18:53:31,891  DEBUG     Processing: C:\repos\football-vault\lineups\2023-2024\20240511-fulham-vs-manchester-city.json
2026-03-25 18:53:31,892  INFO      CREATED match: id=1166  2024-05-11  Fulham vs Manchester City  (Premier League)
2026-03-25 18:53:31,894  DEBUG     Processing: C:\repos\football-vault\lineups\2023-2024\20240511-newcastle-united-vs-brighton-and-hove-albion.json
2026-03-25 18:53:31,894  DEBUG     Stadium not found by name: 'St. James' Park', falling back to home team stadium
2026-03-25 18:53:31,894  DEBUG     Using home team stadium_id=180 for 'St. James' Park'
2026-03-25 18:53:31,895  INFO      CREATED match: id=1167  2024-05-11  Newcastle United vs Brighton And Hove Albion  (Premier League)
2026-03-25 18:53:31,896  DEBUG     Processing: C:\repos\football-vault\lineups\2023-2024\20240511-nottingham-forest-vs-chelsea.json
2026-03-25 18:53:31,897  DEBUG     Stadium not found by name: 'The City Ground', falling back to home team stadium
2026-03-25 18:53:31,897  DEBUG     Using home team stadium_id=493 for 'The City Ground'
2026-03-25 18:53:31,897  INFO      CREATED match: id=1168  2024-05-11  Nottingham Forest vs Chelsea  (Premier League)
2026-03-25 18:53:31,899  DEBUG     Processing: C:\repos\football-vault\lineups\2023-2024\20240511-tottenham-hotspur-vs-burnley.json
2026-03-25 18:53:31,900  INFO      CREATED match: id=1169  2024-05-11  Tottenham Hotspur vs Burnley  (Premier League)
2026-03-25 18:53:31,902  DEBUG     Processing: C:\repos\football-vault\lineups\2023-2024\20240511-west-ham-united-vs-luton-town.json
2026-03-25 18:53:31,903  INFO      CREATED match: id=1170  2024-05-11  West Ham United vs Luton Town  (Premier League)
2026-03-25 18:53:31,905  DEBUG     Processing: C:\repos\football-vault\lineups\2023-2024\20240511-wolverhampton-wanderers-vs-crystal-palace.json
2026-03-25 18:53:31,905  INFO      CREATED match: id=1171  2024-05-11  Wolverhampton Wanderers vs Crystal Palace  (Premier League)
2026-03-25 18:53:31,907  DEBUG     Processing: C:\repos\football-vault\lineups\2023-2024\20240512-manchester-united-vs-arsenal.json
2026-03-25 18:53:31,908  INFO      CREATED match: id=1172  2024-05-12  Manchester United vs Arsenal  (Premier League)
2026-03-25 18:53:31,910  DEBUG     Processing: C:\repos\football-vault\lineups\2023-2024\20240513-aston-villa-vs-liverpool.json
2026-03-25 18:53:31,910  INFO      CREATED match: id=1173  2024-05-13  Aston Villa vs Liverpool  (Premier League)
2026-03-25 18:53:31,912  DEBUG     Processing: C:\repos\football-vault\lineups\2023-2024\20240514-tottenham-hotspur-vs-manchester-city.json
2026-03-25 18:53:31,912  INFO      CREATED match: id=1174  2024-05-14  Tottenham Hotspur vs Manchester City  (Premier League)
2026-03-25 18:53:31,914  DEBUG     Processing: C:\repos\football-vault\lineups\2023-2024\20240515-brighton-and-hove-albion-vs-chelsea.json
2026-03-25 18:53:31,915  DEBUG     Stadium not found by name: 'American Express Stadium', falling back to home team stadium
2026-03-25 18:53:31,915  DEBUG     Using home team stadium_id=181 for 'American Express Stadium'
2026-03-25 18:53:31,916  INFO      CREATED match: id=1175  2024-05-15  Brighton And Hove Albion vs Chelsea  (Premier League)
2026-03-25 18:53:31,918  DEBUG     Processing: C:\repos\football-vault\lineups\2023-2024\20240515-manchester-united-vs-newcastle-united.json
2026-03-25 18:53:31,918  INFO      CREATED match: id=1176  2024-05-15  Manchester United vs Newcastle United  (Premier League)
2026-03-25 18:53:31,920  DEBUG     Processing: C:\repos\football-vault\lineups\2023-2024\20240519-arsenal-vs-everton.json
2026-03-25 18:53:31,921  INFO      CREATED match: id=1177  2024-05-19  Arsenal vs Everton  (Premier League)
2026-03-25 18:53:31,923  DEBUG     Processing: C:\repos\football-vault\lineups\2023-2024\20240519-brentford-vs-newcastle-united.json
2026-03-25 18:53:31,923  INFO      CREATED match: id=1178  2024-05-19  Brentford vs Newcastle United  (Premier League)
2026-03-25 18:53:31,925  DEBUG     Processing: C:\repos\football-vault\lineups\2023-2024\20240519-brighton-and-hove-albion-vs-manchester-united.json
2026-03-25 18:53:31,926  DEBUG     Stadium not found by name: 'American Express Stadium', falling back to home team stadium
2026-03-25 18:53:31,926  DEBUG     Using home team stadium_id=181 for 'American Express Stadium'
2026-03-25 18:53:31,926  INFO      CREATED match: id=1179  2024-05-19  Brighton And Hove Albion vs Manchester United  (Premier League)
2026-03-25 18:53:31,928  DEBUG     Processing: C:\repos\football-vault\lineups\2023-2024\20240519-burnley-vs-nottingham-forest.json
2026-03-25 18:53:31,928  INFO      CREATED match: id=1180  2024-05-19  Burnley vs Nottingham Forest  (Premier League)
2026-03-25 18:53:31,930  DEBUG     Processing: C:\repos\football-vault\lineups\2023-2024\20240519-chelsea-vs-afc-bournemouth.json
2026-03-25 18:53:31,931  INFO      CREATED match: id=1181  2024-05-19  Chelsea vs Afc Bournemouth  (Premier League)
2026-03-25 18:53:31,933  DEBUG     Processing: C:\repos\football-vault\lineups\2023-2024\20240519-crystal-palace-vs-aston-villa.json
2026-03-25 18:53:31,934  INFO      CREATED match: id=1182  2024-05-19  Crystal Palace vs Aston Villa  (Premier League)
2026-03-25 18:53:31,936  DEBUG     Processing: C:\repos\football-vault\lineups\2023-2024\20240519-liverpool-vs-wolverhampton-wanderers.json
2026-03-25 18:53:31,937  INFO      CREATED match: id=1183  2024-05-19  Liverpool vs Wolverhampton Wanderers  (Premier League)
2026-03-25 18:53:31,938  DEBUG     Processing: C:\repos\football-vault\lineups\2023-2024\20240519-luton-town-vs-fulham.json
2026-03-25 18:53:31,939  INFO      CREATED match: id=1184  2024-05-19  Luton Town vs Fulham  (Premier League)
2026-03-25 18:53:31,941  DEBUG     Processing: C:\repos\football-vault\lineups\2023-2024\20240519-manchester-city-vs-west-ham-united.json
2026-03-25 18:53:31,941  INFO      CREATED match: id=1185  2024-05-19  Manchester City vs West Ham United  (Premier League)
2026-03-25 18:53:31,943  DEBUG     Processing: C:\repos\football-vault\lineups\2023-2024\20240519-sheffield-united-vs-tottenham-hotspur.json
2026-03-25 18:53:31,944  INFO      CREATED match: id=1186  2024-05-19  Sheffield United vs Tottenham Hotspur  (Premier League)
2026-03-25 18:53:31,946  DEBUG     Processing: C:\repos\football-vault\lineups\2023-2024\20240816-manchester-united-vs-fulham.json
2026-03-25 18:53:31,946  INFO      CREATED match: id=1187  2024-08-16  Manchester United vs Fulham  (Premier League)
2026-03-25 18:53:31,948  DEBUG     Processing: C:\repos\football-vault\lineups\2023-2024\20240817-arsenal-vs-wolverhampton-wanderers.json
2026-03-25 18:53:31,949  INFO      CREATED match: id=1188  2024-08-17  Arsenal vs Wolverhampton Wanderers  (Premier League)
2026-03-25 18:53:31,951  DEBUG     Processing: C:\repos\football-vault\lineups\2023-2024\20240817-everton-vs-brighton-and-hove-albion.json
2026-03-25 18:53:31,951  INFO      CREATED match: id=1189  2024-08-17  Everton vs Brighton And Hove Albion  (Premier League)
2026-03-25 18:53:31,953  DEBUG     Processing: C:\repos\football-vault\lineups\2023-2024\20240817-ipswich-town-vs-liverpool.json
2026-03-25 18:53:31,954  INFO      CREATED match: id=1190  2024-08-17  Ipswich Town vs Liverpool  (Premier League)
2026-03-25 18:53:31,956  DEBUG     Processing: C:\repos\football-vault\lineups\2023-2024\20240817-newcastle-united-vs-southampton.json
2026-03-25 18:53:31,956  DEBUG     Stadium not found by name: 'St. James' Park', falling back to home team stadium
2026-03-25 18:53:31,956  DEBUG     Using home team stadium_id=180 for 'St. James' Park'
2026-03-25 18:53:31,957  INFO      CREATED match: id=1191  2024-08-17  Newcastle United vs Southampton  (Premier League)
2026-03-25 18:53:31,958  DEBUG     Processing: C:\repos\football-vault\lineups\2023-2024\20240817-nottingham-forest-vs-afc-bournemouth.json
2026-03-25 18:53:31,959  DEBUG     Stadium not found by name: 'The City Ground', falling back to home team stadium
2026-03-25 18:53:31,959  DEBUG     Using home team stadium_id=493 for 'The City Ground'
2026-03-25 18:53:31,959  INFO      CREATED match: id=1192  2024-08-17  Nottingham Forest vs Afc Bournemouth  (Premier League)
2026-03-25 18:53:31,961  DEBUG     Processing: C:\repos\football-vault\lineups\2023-2024\20240817-west-ham-united-vs-aston-villa.json
2026-03-25 18:53:31,962  INFO      CREATED match: id=1193  2024-08-17  West Ham United vs Aston Villa  (Premier League)
2026-03-25 18:53:31,964  DEBUG     Processing: C:\repos\football-vault\lineups\2023-2024\20240818-brentford-vs-crystal-palace.json
2026-03-25 18:53:31,964  INFO      CREATED match: id=1194  2024-08-18  Brentford vs Crystal Palace  (Premier League)
2026-03-25 18:53:31,966  DEBUG     Processing: C:\repos\football-vault\lineups\2023-2024\20240818-chelsea-vs-manchester-city.json
2026-03-25 18:53:31,967  INFO      CREATED match: id=1195  2024-08-18  Chelsea vs Manchester City  (Premier League)
2026-03-25 18:53:31,969  DEBUG     Processing: C:\repos\football-vault\lineups\2023-2024\20240819-leicester-city-vs-tottenham-hotspur.json
2026-03-25 18:53:31,969  INFO      CREATED match: id=1196  2024-08-19  Leicester City vs Tottenham Hotspur  (Premier League)
2026-03-25 18:53:31,972  DEBUG     Processing: C:\repos\football-vault\lineups\2023-2024\20240824-aston-villa-vs-arsenal.json
2026-03-25 18:53:31,972  INFO      CREATED match: id=1197  2024-08-24  Aston Villa vs Arsenal  (Premier League)
2026-03-25 18:53:31,974  DEBUG     Processing: C:\repos\football-vault\lineups\2023-2024\20240824-brighton-and-hove-albion-vs-manchester-united.json
2026-03-25 18:53:31,975  DEBUG     Stadium not found by name: 'American Express Stadium', falling back to home team stadium
2026-03-25 18:53:31,975  DEBUG     Using home team stadium_id=181 for 'American Express Stadium'
2026-03-25 18:53:31,975  INFO      CREATED match: id=1198  2024-08-24  Brighton And Hove Albion vs Manchester United  (Premier League)
2026-03-25 18:53:31,977  DEBUG     Processing: C:\repos\football-vault\lineups\2023-2024\20240824-crystal-palace-vs-west-ham-united.json
2026-03-25 18:53:31,977  INFO      CREATED match: id=1199  2024-08-24  Crystal Palace vs West Ham United  (Premier League)
2026-03-25 18:53:31,979  DEBUG     Processing: C:\repos\football-vault\lineups\2023-2024\20240824-fulham-vs-leicester-city.json
2026-03-25 18:53:31,980  INFO      CREATED match: id=1200  2024-08-24  Fulham vs Leicester City  (Premier League)
2026-03-25 18:53:31,982  DEBUG     Processing: C:\repos\football-vault\lineups\2023-2024\20240824-manchester-city-vs-ipswich-town.json
2026-03-25 18:53:31,982  INFO      CREATED match: id=1201  2024-08-24  Manchester City vs Ipswich Town  (Premier League)
2026-03-25 18:53:31,984  DEBUG     Processing: C:\repos\football-vault\lineups\2023-2024\20240824-southampton-vs-nottingham-forest.json
2026-03-25 18:53:31,985  DEBUG     Stadium not found by name: 'St. Mary's Stadium', falling back to home team stadium
2026-03-25 18:53:31,985  DEBUG     Using home team stadium_id=183 for 'St. Mary's Stadium'
2026-03-25 18:53:31,985  INFO      CREATED match: id=1202  2024-08-24  Southampton vs Nottingham Forest  (Premier League)
2026-03-25 18:53:31,987  DEBUG     Processing: C:\repos\football-vault\lineups\2023-2024\20240824-tottenham-hotspur-vs-everton.json
2026-03-25 18:53:31,988  INFO      CREATED match: id=1203  2024-08-24  Tottenham Hotspur vs Everton  (Premier League)
2026-03-25 18:53:31,989  DEBUG     Processing: C:\repos\football-vault\lineups\2023-2024\20240825-afc-bournemouth-vs-newcastle-united.json
2026-03-25 18:53:31,990  INFO      CREATED match: id=1204  2024-08-25  Afc Bournemouth vs Newcastle United  (Premier League)
2026-03-25 18:53:31,992  DEBUG     Processing: C:\repos\football-vault\lineups\2023-2024\20240825-liverpool-vs-brentford.json
2026-03-25 18:53:31,993  INFO      CREATED match: id=1205  2024-08-25  Liverpool vs Brentford  (Premier League)
2026-03-25 18:53:31,994  DEBUG     Processing: C:\repos\football-vault\lineups\2023-2024\20240825-wolverhampton-wanderers-vs-chelsea.json
2026-03-25 18:53:31,995  INFO      CREATED match: id=1206  2024-08-25  Wolverhampton Wanderers vs Chelsea  (Premier League)
2026-03-25 18:53:31,997  DEBUG     Processing: C:\repos\football-vault\lineups\2023-2024\20240831-arsenal-vs-brighton-and-hove-albion.json
2026-03-25 18:53:31,997  INFO      CREATED match: id=1207  2024-08-31  Arsenal vs Brighton And Hove Albion  (Premier League)
2026-03-25 18:53:31,999  DEBUG     Processing: C:\repos\football-vault\lineups\2023-2024\20240831-brentford-vs-southampton.json
2026-03-25 18:53:32,001  INFO      CREATED match: id=1208  2024-08-31  Brentford vs Southampton  (Premier League)
2026-03-25 18:53:32,002  DEBUG     Processing: C:\repos\football-vault\lineups\2023-2024\20240831-everton-vs-afc-bournemouth.json
2026-03-25 18:53:32,003  INFO      CREATED match: id=1209  2024-08-31  Everton vs Afc Bournemouth  (Premier League)
2026-03-25 18:53:32,005  DEBUG     Processing: C:\repos\football-vault\lineups\2023-2024\20240831-ipswich-town-vs-fulham.json
2026-03-25 18:53:32,006  INFO      CREATED match: id=1210  2024-08-31  Ipswich Town vs Fulham  (Premier League)
2026-03-25 18:53:32,008  DEBUG     Processing: C:\repos\football-vault\lineups\2023-2024\20240831-leicester-city-vs-aston-villa.json
2026-03-25 18:53:32,009  INFO      CREATED match: id=1211  2024-08-31  Leicester City vs Aston Villa  (Premier League)
2026-03-25 18:53:32,011  DEBUG     Processing: C:\repos\football-vault\lineups\2023-2024\20240831-nottingham-forest-vs-wolverhampton-wanderers.json
2026-03-25 18:53:32,011  DEBUG     Stadium not found by name: 'The City Ground', falling back to home team stadium
2026-03-25 18:53:32,012  DEBUG     Using home team stadium_id=493 for 'The City Ground'
2026-03-25 18:53:32,012  INFO      CREATED match: id=1212  2024-08-31  Nottingham Forest vs Wolverhampton Wanderers  (Premier League)
2026-03-25 18:53:32,014  DEBUG     Processing: C:\repos\football-vault\lineups\2023-2024\20240831-west-ham-united-vs-manchester-city.json
2026-03-25 18:53:32,014  INFO      CREATED match: id=1213  2024-08-31  West Ham United vs Manchester City  (Premier League)
2026-03-25 18:53:32,021  INFO      ============================================================
2026-03-25 18:53:32,022  INFO      Import complete
2026-03-25 18:53:32,022  INFO        Files processed:       211
2026-03-25 18:53:32,022  INFO        Files skipped:         0
2026-03-25 18:53:32,023  INFO        Matches created:       211
2026-03-25 18:53:32,023  INFO        Matches already exist: 0
2026-03-25 18:53:32,024  INFO        Lineup players added:  4642
2026-03-25 18:53:32,024  INFO        Teams created:         0
2026-03-25 18:53:32,024  INFO      ============================================================
